{"/Users/jonathanperry/Documents/GitHub/Sequence Media/Redux.Storage.Middleware/src/actions/index.js":{"path":"/Users/jonathanperry/Documents/GitHub/Sequence Media/Redux.Storage.Middleware/src/actions/index.js","statementMap":{"0":{"start":{"line":1,"column":13},"end":{"line":1,"column":70}},"1":{"start":{"line":1,"column":83},"end":{"line":1,"column":293}},"2":{"start":{"line":1,"column":115},"end":{"line":1,"column":278}},"3":{"start":{"line":1,"column":162},"end":{"line":1,"column":174}},"4":{"start":{"line":1,"column":175},"end":{"line":1,"column":277}},"5":{"start":{"line":1,"column":198},"end":{"line":1,"column":276}},"6":{"start":{"line":1,"column":251},"end":{"line":1,"column":275}},"7":{"start":{"line":1,"column":278},"end":{"line":1,"column":292}},"8":{"start":{"line":1,"column":314},"end":{"line":1,"column":355}},"9":{"start":{"line":1,"column":374},"end":{"line":1,"column":411}},"10":{"start":{"line":1,"column":430},"end":{"line":1,"column":467}},"11":{"start":{"line":1,"column":486},"end":{"line":1,"column":523}},"12":{"start":{"line":1,"column":549},"end":{"line":1,"column":700}},"13":{"start":{"line":1,"column":619},"end":{"line":1,"column":699}},"14":{"start":{"line":1,"column":724},"end":{"line":1,"column":869}},"15":{"start":{"line":1,"column":790},"end":{"line":1,"column":868}},"16":{"start":{"line":1,"column":893},"end":{"line":1,"column":1038}},"17":{"start":{"line":1,"column":959},"end":{"line":1,"column":1037}},"18":{"start":{"line":1,"column":1062},"end":{"line":1,"column":1161}},"19":{"start":{"line":1,"column":1123},"end":{"line":1,"column":1160}}},"fnMap":{"0":{"name":"(anonymous_0)","decl":{"start":{"line":1,"column":98},"end":{"line":1,"column":99}},"loc":{"start":{"line":1,"column":114},"end":{"line":1,"column":293}},"line":1},"1":{"name":"storageCompareAction","decl":{"start":{"line":1,"column":587},"end":{"line":1,"column":607}},"loc":{"start":{"line":1,"column":618},"end":{"line":1,"column":700}},"line":1},"2":{"name":"storageFetchAction","decl":{"start":{"line":1,"column":760},"end":{"line":1,"column":778}},"loc":{"start":{"line":1,"column":789},"end":{"line":1,"column":869}},"line":1},"3":{"name":"storageStoreAction","decl":{"start":{"line":1,"column":929},"end":{"line":1,"column":947}},"loc":{"start":{"line":1,"column":958},"end":{"line":1,"column":1038}},"line":1},"4":{"name":"storageClearAction","decl":{"start":{"line":1,"column":1098},"end":{"line":1,"column":1116}},"loc":{"start":{"line":1,"column":1122},"end":{"line":1,"column":1161}},"line":1}},"branchMap":{"0":{"loc":{"start":{"line":1,"column":83},"end":{"line":1,"column":293}},"type":"binary-expr","locations":[{"start":{"line":1,"column":83},"end":{"line":1,"column":96}},{"start":{"line":1,"column":98},"end":{"line":1,"column":293}}],"line":1},"1":{"loc":{"start":{"line":1,"column":198},"end":{"line":1,"column":276}},"type":"if","locations":[{"start":{"line":1,"column":198},"end":{"line":1,"column":276}},{"start":{"line":1,"column":198},"end":{"line":1,"column":276}}],"line":1},"2":{"loc":{"start":{"line":1,"column":658},"end":{"line":1,"column":677}},"type":"cond-expr","locations":[{"start":{"line":1,"column":663},"end":{"line":1,"column":674}},{"start":{"line":1,"column":675},"end":{"line":1,"column":677}}],"line":1},"3":{"loc":{"start":{"line":1,"column":678},"end":{"line":1,"column":697}},"type":"cond-expr","locations":[{"start":{"line":1,"column":683},"end":{"line":1,"column":694}},{"start":{"line":1,"column":695},"end":{"line":1,"column":697}}],"line":1},"4":{"loc":{"start":{"line":1,"column":827},"end":{"line":1,"column":846}},"type":"cond-expr","locations":[{"start":{"line":1,"column":832},"end":{"line":1,"column":843}},{"start":{"line":1,"column":844},"end":{"line":1,"column":846}}],"line":1},"5":{"loc":{"start":{"line":1,"column":847},"end":{"line":1,"column":866}},"type":"cond-expr","locations":[{"start":{"line":1,"column":852},"end":{"line":1,"column":863}},{"start":{"line":1,"column":864},"end":{"line":1,"column":866}}],"line":1},"6":{"loc":{"start":{"line":1,"column":996},"end":{"line":1,"column":1015}},"type":"cond-expr","locations":[{"start":{"line":1,"column":1001},"end":{"line":1,"column":1012}},{"start":{"line":1,"column":1013},"end":{"line":1,"column":1015}}],"line":1},"7":{"loc":{"start":{"line":1,"column":1016},"end":{"line":1,"column":1035}},"type":"cond-expr","locations":[{"start":{"line":1,"column":1021},"end":{"line":1,"column":1032}},{"start":{"line":1,"column":1033},"end":{"line":1,"column":1035}}],"line":1}},"s":{"0":1,"1":1,"2":0,"3":0,"4":0,"5":0,"6":0,"7":0,"8":1,"9":1,"10":1,"11":1,"12":1,"13":9,"14":1,"15":18,"16":1,"17":18,"18":1,"19":18},"f":{"0":0,"1":9,"2":18,"3":18,"4":18},"b":{"0":[1,0],"1":[0,0],"2":[9,0],"3":[9,0],"4":[18,0],"5":[9,9],"6":[18,0],"7":[9,9]},"_coverageSchema":"332fd63041d2c1bcb487cc26dd0d5f7d97098a6c","hash":"4f33c71f0eda22e553884e767b00c41640aa4a6e","contentHash":"bbcf38970af27aa21763923e86d4159e_11.2.1"},"/Users/jonathanperry/Documents/GitHub/Sequence Media/Redux.Storage.Middleware/src/reducer/index.js":{"path":"/Users/jonathanperry/Documents/GitHub/Sequence Media/Redux.Storage.Middleware/src/reducer/index.js","statementMap":{"0":{"start":{"line":1,"column":13},"end":{"line":1,"column":70}},"1":{"start":{"line":1,"column":83},"end":{"line":1,"column":293}},"2":{"start":{"line":1,"column":115},"end":{"line":1,"column":278}},"3":{"start":{"line":1,"column":162},"end":{"line":1,"column":174}},"4":{"start":{"line":1,"column":175},"end":{"line":1,"column":277}},"5":{"start":{"line":1,"column":198},"end":{"line":1,"column":276}},"6":{"start":{"line":1,"column":251},"end":{"line":1,"column":275}},"7":{"start":{"line":1,"column":278},"end":{"line":1,"column":292}},"8":{"start":{"line":1,"column":294},"end":{"line":1,"column":325}},"9":{"start":{"line":1,"column":338},"end":{"line":1,"column":359}},"10":{"start":{"line":1,"column":378},"end":{"line":1,"column":404}},"11":{"start":{"line":1,"column":424},"end":{"line":1,"column":461}},"12":{"start":{"line":1,"column":499},"end":{"line":1,"column":544}},"13":{"start":{"line":1,"column":585},"end":{"line":1,"column":715}},"14":{"start":{"line":1,"column":600},"end":{"line":1,"column":693}},"15":{"start":{"line":1,"column":699},"end":{"line":1,"column":714}},"16":{"start":{"line":1,"column":715},"end":{"line":1,"column":726}},"17":{"start":{"line":1,"column":782},"end":{"line":1,"column":784}},"18":{"start":{"line":1,"column":785},"end":{"line":1,"column":909}},"19":{"start":{"line":1,"column":803},"end":{"line":1,"column":834}},"20":{"start":{"line":1,"column":825},"end":{"line":1,"column":834}},"21":{"start":{"line":1,"column":834},"end":{"line":1,"column":891}},"22":{"start":{"line":1,"column":882},"end":{"line":1,"column":891}},"23":{"start":{"line":1,"column":891},"end":{"line":1,"column":908}},"24":{"start":{"line":1,"column":909},"end":{"line":1,"column":923}},"25":{"start":{"line":1,"column":934},"end":{"line":1,"column":962}},"26":{"start":{"line":1,"column":999},"end":{"line":1,"column":1062}},"27":{"start":{"line":1,"column":1072},"end":{"line":1,"column":1132}},"28":{"start":{"line":1,"column":1142},"end":{"line":1,"column":1151}},"29":{"start":{"line":1,"column":1159},"end":{"line":1,"column":1198}},"30":{"start":{"line":1,"column":1199},"end":{"line":1,"column":6082}},"31":{"start":{"line":1,"column":1260},"end":{"line":1,"column":1271}},"32":{"start":{"line":1,"column":1294},"end":{"line":1,"column":1320}},"33":{"start":{"line":1,"column":1335},"end":{"line":1,"column":1396}},"34":{"start":{"line":1,"column":1419},"end":{"line":1,"column":1445}},"35":{"start":{"line":1,"column":1460},"end":{"line":1,"column":1521}},"36":{"start":{"line":1,"column":1522},"end":{"line":1,"column":2767}},"37":{"start":{"line":1,"column":1573},"end":{"line":1,"column":1584}},"38":{"start":{"line":1,"column":1591},"end":{"line":1,"column":1609}},"39":{"start":{"line":1,"column":1632},"end":{"line":1,"column":1656}},"40":{"start":{"line":1,"column":1668},"end":{"line":1,"column":1734}},"41":{"start":{"line":1,"column":1752},"end":{"line":1,"column":1764}},"42":{"start":{"line":1,"column":1765},"end":{"line":1,"column":1819}},"43":{"start":{"line":1,"column":1841},"end":{"line":1,"column":1858}},"44":{"start":{"line":1,"column":1869},"end":{"line":1,"column":1919}},"45":{"start":{"line":1,"column":1920},"end":{"line":1,"column":2026}},"46":{"start":{"line":1,"column":2050},"end":{"line":1,"column":2061}},"47":{"start":{"line":1,"column":2067},"end":{"line":1,"column":2109}},"48":{"start":{"line":1,"column":2124},"end":{"line":1,"column":2135}},"49":{"start":{"line":1,"column":2143},"end":{"line":1,"column":2161}},"50":{"start":{"line":1,"column":2184},"end":{"line":1,"column":2208}},"51":{"start":{"line":1,"column":2221},"end":{"line":1,"column":2287}},"52":{"start":{"line":1,"column":2293},"end":{"line":1,"column":2304}},"53":{"start":{"line":1,"column":2323},"end":{"line":1,"column":2336}},"54":{"start":{"line":1,"column":2337},"end":{"line":1,"column":2394}},"55":{"start":{"line":1,"column":2417},"end":{"line":1,"column":2435}},"56":{"start":{"line":1,"column":2447},"end":{"line":1,"column":2499}},"57":{"start":{"line":1,"column":2510},"end":{"line":1,"column":2528}},"58":{"start":{"line":1,"column":2529},"end":{"line":1,"column":2766}},"59":{"start":{"line":1,"column":2815},"end":{"line":1,"column":2826}},"60":{"start":{"line":1,"column":2849},"end":{"line":1,"column":2876}},"61":{"start":{"line":1,"column":2892},"end":{"line":1,"column":2953}},"62":{"start":{"line":1,"column":2976},"end":{"line":1,"column":3003}},"63":{"start":{"line":1,"column":3019},"end":{"line":1,"column":3080}},"64":{"start":{"line":1,"column":3081},"end":{"line":1,"column":4353}},"65":{"start":{"line":1,"column":3134},"end":{"line":1,"column":3145}},"66":{"start":{"line":1,"column":3153},"end":{"line":1,"column":3171}},"67":{"start":{"line":1,"column":3194},"end":{"line":1,"column":3218}},"68":{"start":{"line":1,"column":3230},"end":{"line":1,"column":3296}},"69":{"start":{"line":1,"column":3315},"end":{"line":1,"column":3328}},"70":{"start":{"line":1,"column":3329},"end":{"line":1,"column":3386}},"71":{"start":{"line":1,"column":3409},"end":{"line":1,"column":3427}},"72":{"start":{"line":1,"column":3440},"end":{"line":1,"column":3492}},"73":{"start":{"line":1,"column":3493},"end":{"line":1,"column":3602}},"74":{"start":{"line":1,"column":3626},"end":{"line":1,"column":3637}},"75":{"start":{"line":1,"column":3644},"end":{"line":1,"column":3686}},"76":{"start":{"line":1,"column":3701},"end":{"line":1,"column":3712}},"77":{"start":{"line":1,"column":3720},"end":{"line":1,"column":3738}},"78":{"start":{"line":1,"column":3761},"end":{"line":1,"column":3785}},"79":{"start":{"line":1,"column":3798},"end":{"line":1,"column":3864}},"80":{"start":{"line":1,"column":3871},"end":{"line":1,"column":3882}},"81":{"start":{"line":1,"column":3901},"end":{"line":1,"column":3914}},"82":{"start":{"line":1,"column":3915},"end":{"line":1,"column":3972}},"83":{"start":{"line":1,"column":3995},"end":{"line":1,"column":4013}},"84":{"start":{"line":1,"column":4026},"end":{"line":1,"column":4078}},"85":{"start":{"line":1,"column":4090},"end":{"line":1,"column":4108}},"86":{"start":{"line":1,"column":4109},"end":{"line":1,"column":4352}},"87":{"start":{"line":1,"column":4401},"end":{"line":1,"column":4412}},"88":{"start":{"line":1,"column":4435},"end":{"line":1,"column":4462}},"89":{"start":{"line":1,"column":4479},"end":{"line":1,"column":4540}},"90":{"start":{"line":1,"column":4563},"end":{"line":1,"column":4590}},"91":{"start":{"line":1,"column":4607},"end":{"line":1,"column":4668}},"92":{"start":{"line":1,"column":4669},"end":{"line":1,"column":5944}},"93":{"start":{"line":1,"column":4725},"end":{"line":1,"column":4736}},"94":{"start":{"line":1,"column":4744},"end":{"line":1,"column":4763}},"95":{"start":{"line":1,"column":4786},"end":{"line":1,"column":4809}},"96":{"start":{"line":1,"column":4819},"end":{"line":1,"column":4885}},"97":{"start":{"line":1,"column":4904},"end":{"line":1,"column":4917}},"98":{"start":{"line":1,"column":4918},"end":{"line":1,"column":4975}},"99":{"start":{"line":1,"column":4998},"end":{"line":1,"column":5016}},"100":{"start":{"line":1,"column":5029},"end":{"line":1,"column":5081}},"101":{"start":{"line":1,"column":5082},"end":{"line":1,"column":5187}},"102":{"start":{"line":1,"column":5212},"end":{"line":1,"column":5223}},"103":{"start":{"line":1,"column":5231},"end":{"line":1,"column":5275}},"104":{"start":{"line":1,"column":5291},"end":{"line":1,"column":5302}},"105":{"start":{"line":1,"column":5310},"end":{"line":1,"column":5329}},"106":{"start":{"line":1,"column":5352},"end":{"line":1,"column":5375}},"107":{"start":{"line":1,"column":5386},"end":{"line":1,"column":5452}},"108":{"start":{"line":1,"column":5460},"end":{"line":1,"column":5471}},"109":{"start":{"line":1,"column":5490},"end":{"line":1,"column":5503}},"110":{"start":{"line":1,"column":5504},"end":{"line":1,"column":5561}},"111":{"start":{"line":1,"column":5584},"end":{"line":1,"column":5602}},"112":{"start":{"line":1,"column":5615},"end":{"line":1,"column":5667}},"113":{"start":{"line":1,"column":5680},"end":{"line":1,"column":5698}},"114":{"start":{"line":1,"column":5699},"end":{"line":1,"column":5943}},"115":{"start":{"line":1,"column":5985},"end":{"line":1,"column":6001}},"116":{"start":{"line":1,"column":6002},"end":{"line":1,"column":6033}},"117":{"start":{"line":1,"column":6012},"end":{"line":1,"column":6033}},"118":{"start":{"line":1,"column":6033},"end":{"line":1,"column":6059}},"119":{"start":{"line":1,"column":6068},"end":{"line":1,"column":6081}}},"fnMap":{"0":{"name":"(anonymous_0)","decl":{"start":{"line":1,"column":98},"end":{"line":1,"column":99}},"loc":{"start":{"line":1,"column":114},"end":{"line":1,"column":293}},"line":1},"1":{"name":"_interopRequireDefault","decl":{"start":{"line":1,"column":471},"end":{"line":1,"column":493}},"loc":{"start":{"line":1,"column":498},"end":{"line":1,"column":545}},"line":1},"2":{"name":"_defineProperty","decl":{"start":{"line":1,"column":554},"end":{"line":1,"column":569}},"loc":{"start":{"line":1,"column":584},"end":{"line":1,"column":727}},"line":1},"3":{"name":"_objectWithoutProperties","decl":{"start":{"line":1,"column":736},"end":{"line":1,"column":760}},"loc":{"start":{"line":1,"column":770},"end":{"line":1,"column":924}},"line":1},"4":{"name":"storageReducer","decl":{"start":{"line":1,"column":972},"end":{"line":1,"column":986}},"loc":{"start":{"line":1,"column":988},"end":{"line":1,"column":6083}},"line":1}},"branchMap":{"0":{"loc":{"start":{"line":1,"column":83},"end":{"line":1,"column":293}},"type":"binary-expr","locations":[{"start":{"line":1,"column":83},"end":{"line":1,"column":96}},{"start":{"line":1,"column":98},"end":{"line":1,"column":293}}],"line":1},"1":{"loc":{"start":{"line":1,"column":198},"end":{"line":1,"column":276}},"type":"if","locations":[{"start":{"line":1,"column":198},"end":{"line":1,"column":276}},{"start":{"line":1,"column":198},"end":{"line":1,"column":276}}],"line":1},"2":{"loc":{"start":{"line":1,"column":506},"end":{"line":1,"column":543}},"type":"cond-expr","locations":[{"start":{"line":1,"column":526},"end":{"line":1,"column":529}},{"start":{"line":1,"column":530},"end":{"line":1,"column":543}}],"line":1},"3":{"loc":{"start":{"line":1,"column":506},"end":{"line":1,"column":525}},"type":"binary-expr","locations":[{"start":{"line":1,"column":506},"end":{"line":1,"column":509}},{"start":{"line":1,"column":511},"end":{"line":1,"column":525}}],"line":1},"4":{"loc":{"start":{"line":1,"column":585},"end":{"line":1,"column":715}},"type":"if","locations":[{"start":{"line":1,"column":585},"end":{"line":1,"column":715}},{"start":{"line":1,"column":585},"end":{"line":1,"column":715}}],"line":1},"5":{"loc":{"start":{"line":1,"column":803},"end":{"line":1,"column":834}},"type":"if","locations":[{"start":{"line":1,"column":803},"end":{"line":1,"column":834}},{"start":{"line":1,"column":803},"end":{"line":1,"column":834}}],"line":1},"6":{"loc":{"start":{"line":1,"column":834},"end":{"line":1,"column":891}},"type":"if","locations":[{"start":{"line":1,"column":834},"end":{"line":1,"column":891}},{"start":{"line":1,"column":834},"end":{"line":1,"column":891}}],"line":1},"7":{"loc":{"start":{"line":1,"column":999},"end":{"line":1,"column":1062}},"type":"cond-expr","locations":[{"start":{"line":1,"column":1044},"end":{"line":1,"column":1056}},{"start":{"line":1,"column":1057},"end":{"line":1,"column":1062}}],"line":1},"8":{"loc":{"start":{"line":1,"column":999},"end":{"line":1,"column":1043}},"type":"binary-expr","locations":[{"start":{"line":1,"column":999},"end":{"line":1,"column":1017}},{"start":{"line":1,"column":1019},"end":{"line":1,"column":1043}}],"line":1},"9":{"loc":{"start":{"line":1,"column":1072},"end":{"line":1,"column":1132}},"type":"cond-expr","locations":[{"start":{"line":1,"column":1117},"end":{"line":1,"column":1129}},{"start":{"line":1,"column":1130},"end":{"line":1,"column":1132}}],"line":1},"10":{"loc":{"start":{"line":1,"column":1072},"end":{"line":1,"column":1116}},"type":"binary-expr","locations":[{"start":{"line":1,"column":1072},"end":{"line":1,"column":1090}},{"start":{"line":1,"column":1092},"end":{"line":1,"column":1116}}],"line":1},"11":{"loc":{"start":{"line":1,"column":1199},"end":{"line":1,"column":6082}},"type":"switch","locations":[{"start":{"line":1,"column":1212},"end":{"line":1,"column":2768}},{"start":{"line":1,"column":2768},"end":{"line":1,"column":4354}},{"start":{"line":1,"column":4354},"end":{"line":1,"column":5945}},{"start":{"line":1,"column":5945},"end":{"line":1,"column":6060}},{"start":{"line":1,"column":6060},"end":{"line":1,"column":6081}}],"line":1},"12":{"loc":{"start":{"line":1,"column":1335},"end":{"line":1,"column":1396}},"type":"cond-expr","locations":[{"start":{"line":1,"column":1369},"end":{"line":1,"column":1374}},{"start":{"line":1,"column":1375},"end":{"line":1,"column":1396}}],"line":1},"13":{"loc":{"start":{"line":1,"column":1460},"end":{"line":1,"column":1521}},"type":"cond-expr","locations":[{"start":{"line":1,"column":1494},"end":{"line":1,"column":1499}},{"start":{"line":1,"column":1500},"end":{"line":1,"column":1521}}],"line":1},"14":{"loc":{"start":{"line":1,"column":1522},"end":{"line":1,"column":2767}},"type":"if","locations":[{"start":{"line":1,"column":1522},"end":{"line":1,"column":2767}},{"start":{"line":1,"column":1522},"end":{"line":1,"column":2767}}],"line":1},"15":{"loc":{"start":{"line":1,"column":1525},"end":{"line":1,"column":1553}},"type":"binary-expr","locations":[{"start":{"line":1,"column":1525},"end":{"line":1,"column":1538}},{"start":{"line":1,"column":1540},"end":{"line":1,"column":1553}}],"line":1},"16":{"loc":{"start":{"line":1,"column":1668},"end":{"line":1,"column":1734}},"type":"cond-expr","locations":[{"start":{"line":1,"column":1702},"end":{"line":1,"column":1712}},{"start":{"line":1,"column":1713},"end":{"line":1,"column":1734}}],"line":1},"17":{"loc":{"start":{"line":1,"column":1778},"end":{"line":1,"column":1818}},"type":"cond-expr","locations":[{"start":{"line":1,"column":1803},"end":{"line":1,"column":1805}},{"start":{"line":1,"column":1806},"end":{"line":1,"column":1818}}],"line":1},"18":{"loc":{"start":{"line":1,"column":1869},"end":{"line":1,"column":1919}},"type":"cond-expr","locations":[{"start":{"line":1,"column":1899},"end":{"line":1,"column":1901}},{"start":{"line":1,"column":1902},"end":{"line":1,"column":1919}}],"line":1},"19":{"loc":{"start":{"line":1,"column":2067},"end":{"line":1,"column":2109}},"type":"cond-expr","locations":[{"start":{"line":1,"column":2093},"end":{"line":1,"column":2095}},{"start":{"line":1,"column":2096},"end":{"line":1,"column":2109}}],"line":1},"20":{"loc":{"start":{"line":1,"column":2221},"end":{"line":1,"column":2287}},"type":"cond-expr","locations":[{"start":{"line":1,"column":2255},"end":{"line":1,"column":2265}},{"start":{"line":1,"column":2266},"end":{"line":1,"column":2287}}],"line":1},"21":{"loc":{"start":{"line":1,"column":2351},"end":{"line":1,"column":2393}},"type":"cond-expr","locations":[{"start":{"line":1,"column":2377},"end":{"line":1,"column":2379}},{"start":{"line":1,"column":2380},"end":{"line":1,"column":2393}}],"line":1},"22":{"loc":{"start":{"line":1,"column":2447},"end":{"line":1,"column":2499}},"type":"cond-expr","locations":[{"start":{"line":1,"column":2478},"end":{"line":1,"column":2480}},{"start":{"line":1,"column":2481},"end":{"line":1,"column":2499}}],"line":1},"23":{"loc":{"start":{"line":1,"column":2662},"end":{"line":1,"column":2762}},"type":"cond-expr","locations":[{"start":{"line":1,"column":2667},"end":{"line":1,"column":2705}},{"start":{"line":1,"column":2706},"end":{"line":1,"column":2762}}],"line":1},"24":{"loc":{"start":{"line":1,"column":2706},"end":{"line":1,"column":2762}},"type":"cond-expr","locations":[{"start":{"line":1,"column":2716},"end":{"line":1,"column":2759}},{"start":{"line":1,"column":2760},"end":{"line":1,"column":2762}}],"line":1},"25":{"loc":{"start":{"line":1,"column":2892},"end":{"line":1,"column":2953}},"type":"cond-expr","locations":[{"start":{"line":1,"column":2926},"end":{"line":1,"column":2931}},{"start":{"line":1,"column":2932},"end":{"line":1,"column":2953}}],"line":1},"26":{"loc":{"start":{"line":1,"column":3019},"end":{"line":1,"column":3080}},"type":"cond-expr","locations":[{"start":{"line":1,"column":3053},"end":{"line":1,"column":3058}},{"start":{"line":1,"column":3059},"end":{"line":1,"column":3080}}],"line":1},"27":{"loc":{"start":{"line":1,"column":3081},"end":{"line":1,"column":4353}},"type":"if","locations":[{"start":{"line":1,"column":3081},"end":{"line":1,"column":4353}},{"start":{"line":1,"column":3081},"end":{"line":1,"column":4353}}],"line":1},"28":{"loc":{"start":{"line":1,"column":3084},"end":{"line":1,"column":3114}},"type":"binary-expr","locations":[{"start":{"line":1,"column":3084},"end":{"line":1,"column":3098}},{"start":{"line":1,"column":3100},"end":{"line":1,"column":3114}}],"line":1},"29":{"loc":{"start":{"line":1,"column":3230},"end":{"line":1,"column":3296}},"type":"cond-expr","locations":[{"start":{"line":1,"column":3264},"end":{"line":1,"column":3274}},{"start":{"line":1,"column":3275},"end":{"line":1,"column":3296}}],"line":1},"30":{"loc":{"start":{"line":1,"column":3343},"end":{"line":1,"column":3385}},"type":"cond-expr","locations":[{"start":{"line":1,"column":3369},"end":{"line":1,"column":3371}},{"start":{"line":1,"column":3372},"end":{"line":1,"column":3385}}],"line":1},"31":{"loc":{"start":{"line":1,"column":3440},"end":{"line":1,"column":3492}},"type":"cond-expr","locations":[{"start":{"line":1,"column":3471},"end":{"line":1,"column":3473}},{"start":{"line":1,"column":3474},"end":{"line":1,"column":3492}}],"line":1},"32":{"loc":{"start":{"line":1,"column":3644},"end":{"line":1,"column":3686}},"type":"cond-expr","locations":[{"start":{"line":1,"column":3670},"end":{"line":1,"column":3672}},{"start":{"line":1,"column":3673},"end":{"line":1,"column":3686}}],"line":1},"33":{"loc":{"start":{"line":1,"column":3798},"end":{"line":1,"column":3864}},"type":"cond-expr","locations":[{"start":{"line":1,"column":3832},"end":{"line":1,"column":3842}},{"start":{"line":1,"column":3843},"end":{"line":1,"column":3864}}],"line":1},"34":{"loc":{"start":{"line":1,"column":3929},"end":{"line":1,"column":3971}},"type":"cond-expr","locations":[{"start":{"line":1,"column":3955},"end":{"line":1,"column":3957}},{"start":{"line":1,"column":3958},"end":{"line":1,"column":3971}}],"line":1},"35":{"loc":{"start":{"line":1,"column":4026},"end":{"line":1,"column":4078}},"type":"cond-expr","locations":[{"start":{"line":1,"column":4057},"end":{"line":1,"column":4059}},{"start":{"line":1,"column":4060},"end":{"line":1,"column":4078}}],"line":1},"36":{"loc":{"start":{"line":1,"column":4244},"end":{"line":1,"column":4348}},"type":"cond-expr","locations":[{"start":{"line":1,"column":4250},"end":{"line":1,"column":4289}},{"start":{"line":1,"column":4290},"end":{"line":1,"column":4348}}],"line":1},"37":{"loc":{"start":{"line":1,"column":4290},"end":{"line":1,"column":4348}},"type":"cond-expr","locations":[{"start":{"line":1,"column":4301},"end":{"line":1,"column":4345}},{"start":{"line":1,"column":4346},"end":{"line":1,"column":4348}}],"line":1},"38":{"loc":{"start":{"line":1,"column":4479},"end":{"line":1,"column":4540}},"type":"cond-expr","locations":[{"start":{"line":1,"column":4513},"end":{"line":1,"column":4518}},{"start":{"line":1,"column":4519},"end":{"line":1,"column":4540}}],"line":1},"39":{"loc":{"start":{"line":1,"column":4607},"end":{"line":1,"column":4668}},"type":"cond-expr","locations":[{"start":{"line":1,"column":4641},"end":{"line":1,"column":4646}},{"start":{"line":1,"column":4647},"end":{"line":1,"column":4668}}],"line":1},"40":{"loc":{"start":{"line":1,"column":4669},"end":{"line":1,"column":5944}},"type":"if","locations":[{"start":{"line":1,"column":4669},"end":{"line":1,"column":5944}},{"start":{"line":1,"column":4669},"end":{"line":1,"column":5944}}],"line":1},"41":{"loc":{"start":{"line":1,"column":4672},"end":{"line":1,"column":4704}},"type":"binary-expr","locations":[{"start":{"line":1,"column":4672},"end":{"line":1,"column":4687}},{"start":{"line":1,"column":4689},"end":{"line":1,"column":4704}}],"line":1},"42":{"loc":{"start":{"line":1,"column":4819},"end":{"line":1,"column":4885}},"type":"cond-expr","locations":[{"start":{"line":1,"column":4853},"end":{"line":1,"column":4863}},{"start":{"line":1,"column":4864},"end":{"line":1,"column":4885}}],"line":1},"43":{"loc":{"start":{"line":1,"column":4932},"end":{"line":1,"column":4974}},"type":"cond-expr","locations":[{"start":{"line":1,"column":4958},"end":{"line":1,"column":4960}},{"start":{"line":1,"column":4961},"end":{"line":1,"column":4974}}],"line":1},"44":{"loc":{"start":{"line":1,"column":5029},"end":{"line":1,"column":5081}},"type":"cond-expr","locations":[{"start":{"line":1,"column":5060},"end":{"line":1,"column":5062}},{"start":{"line":1,"column":5063},"end":{"line":1,"column":5081}}],"line":1},"45":{"loc":{"start":{"line":1,"column":5231},"end":{"line":1,"column":5275}},"type":"cond-expr","locations":[{"start":{"line":1,"column":5258},"end":{"line":1,"column":5260}},{"start":{"line":1,"column":5261},"end":{"line":1,"column":5275}}],"line":1},"46":{"loc":{"start":{"line":1,"column":5386},"end":{"line":1,"column":5452}},"type":"cond-expr","locations":[{"start":{"line":1,"column":5420},"end":{"line":1,"column":5430}},{"start":{"line":1,"column":5431},"end":{"line":1,"column":5452}}],"line":1},"47":{"loc":{"start":{"line":1,"column":5518},"end":{"line":1,"column":5560}},"type":"cond-expr","locations":[{"start":{"line":1,"column":5544},"end":{"line":1,"column":5546}},{"start":{"line":1,"column":5547},"end":{"line":1,"column":5560}}],"line":1},"48":{"loc":{"start":{"line":1,"column":5615},"end":{"line":1,"column":5667}},"type":"cond-expr","locations":[{"start":{"line":1,"column":5646},"end":{"line":1,"column":5648}},{"start":{"line":1,"column":5649},"end":{"line":1,"column":5667}}],"line":1},"49":{"loc":{"start":{"line":1,"column":5831},"end":{"line":1,"column":5939}},"type":"cond-expr","locations":[{"start":{"line":1,"column":5838},"end":{"line":1,"column":5878}},{"start":{"line":1,"column":5879},"end":{"line":1,"column":5939}}],"line":1},"50":{"loc":{"start":{"line":1,"column":5879},"end":{"line":1,"column":5939}},"type":"cond-expr","locations":[{"start":{"line":1,"column":5891},"end":{"line":1,"column":5936}},{"start":{"line":1,"column":5937},"end":{"line":1,"column":5939}}],"line":1},"51":{"loc":{"start":{"line":1,"column":6002},"end":{"line":1,"column":6033}},"type":"if","locations":[{"start":{"line":1,"column":6002},"end":{"line":1,"column":6033}},{"start":{"line":1,"column":6002},"end":{"line":1,"column":6033}}],"line":1}},"s":{"0":1,"1":1,"2":0,"3":0,"4":0,"5":0,"6":0,"7":0,"8":1,"9":1,"10":1,"11":1,"12":1,"13":36,"14":0,"15":36,"16":36,"17":43,"18":43,"19":94,"20":42,"21":52,"22":0,"23":52,"24":43,"25":1,"26":43,"27":43,"28":43,"29":43,"30":43,"31":12,"32":12,"33":12,"34":12,"35":12,"36":12,"37":8,"38":8,"39":8,"40":8,"41":8,"42":8,"43":8,"44":8,"45":8,"46":4,"47":4,"48":4,"49":4,"50":4,"51":4,"52":4,"53":4,"54":4,"55":4,"56":4,"57":4,"58":4,"59":12,"60":12,"61":12,"62":12,"63":12,"64":12,"65":8,"66":8,"67":8,"68":8,"69":8,"70":8,"71":8,"72":8,"73":8,"74":4,"75":4,"76":4,"77":4,"78":4,"79":4,"80":4,"81":4,"82":4,"83":4,"84":4,"85":4,"86":4,"87":12,"88":12,"89":12,"90":12,"91":12,"92":12,"93":8,"94":8,"95":8,"96":8,"97":8,"98":8,"99":8,"100":8,"101":8,"102":4,"103":4,"104":4,"105":4,"106":4,"107":4,"108":4,"109":4,"110":4,"111":4,"112":4,"113":4,"114":4,"115":6,"116":6,"117":6,"118":6,"119":1},"f":{"0":0,"1":1,"2":36,"3":43,"4":43},"b":{"0":[1,0],"1":[0,0],"2":[1,0],"3":[1,1],"4":[0,36],"5":[42,52],"6":[0,52],"7":[42,1],"8":[43,42],"9":[42,1],"10":[43,42],"11":[12,12,12,6,1],"12":[8,4],"13":[8,4],"14":[8,4],"15":[12,8],"16":[4,4],"17":[4,4],"18":[4,4],"19":[0,4],"20":[2,2],"21":[2,2],"22":[2,2],"23":[2,2],"24":[2,0],"25":[8,4],"26":[8,4],"27":[8,4],"28":[12,8],"29":[4,4],"30":[4,4],"31":[4,4],"32":[0,4],"33":[2,2],"34":[2,2],"35":[2,2],"36":[2,2],"37":[2,0],"38":[8,4],"39":[8,4],"40":[8,4],"41":[12,8],"42":[4,4],"43":[4,4],"44":[4,4],"45":[0,4],"46":[2,2],"47":[2,2],"48":[2,2],"49":[4,0],"50":[0,0],"51":[6,0]},"_coverageSchema":"332fd63041d2c1bcb487cc26dd0d5f7d97098a6c","hash":"001acf16e3b6ec2f2c93b44140b6d879323de272","contentHash":"d849c3238e734b3d8f7a19309d3b659a_11.2.1"},"/Users/jonathanperry/Documents/GitHub/Sequence Media/Redux.Storage.Middleware/src/reducer/initial-state/index.js":{"path":"/Users/jonathanperry/Documents/GitHub/Sequence Media/Redux.Storage.Middleware/src/reducer/initial-state/index.js","statementMap":{"0":{"start":{"line":1,"column":13},"end":{"line":1,"column":70}},"1":{"start":{"line":1,"column":83},"end":{"line":1,"column":293}},"2":{"start":{"line":1,"column":115},"end":{"line":1,"column":278}},"3":{"start":{"line":1,"column":162},"end":{"line":1,"column":174}},"4":{"start":{"line":1,"column":175},"end":{"line":1,"column":277}},"5":{"start":{"line":1,"column":198},"end":{"line":1,"column":276}},"6":{"start":{"line":1,"column":251},"end":{"line":1,"column":275}},"7":{"start":{"line":1,"column":278},"end":{"line":1,"column":292}},"8":{"start":{"line":1,"column":311},"end":{"line":1,"column":359}},"9":{"start":{"line":1,"column":378},"end":{"line":1,"column":414}},"10":{"start":{"line":1,"column":432},"end":{"line":1,"column":480}},"11":{"start":{"line":1,"column":499},"end":{"line":1,"column":535}},"12":{"start":{"line":1,"column":573},"end":{"line":1,"column":618}},"13":{"start":{"line":1,"column":659},"end":{"line":1,"column":789}},"14":{"start":{"line":1,"column":674},"end":{"line":1,"column":767}},"15":{"start":{"line":1,"column":773},"end":{"line":1,"column":788}},"16":{"start":{"line":1,"column":789},"end":{"line":1,"column":800}},"17":{"start":{"line":1,"column":846},"end":{"line":1,"column":906}},"18":{"start":{"line":1,"column":923},"end":{"line":1,"column":950}},"19":{"start":{"line":1,"column":957},"end":{"line":1,"column":958}},"20":{"start":{"line":1,"column":965},"end":{"line":1,"column":983}},"21":{"start":{"line":1,"column":984},"end":{"line":1,"column":1319}},"22":{"start":{"line":1,"column":1012},"end":{"line":1,"column":1030}},"23":{"start":{"line":1,"column":1040},"end":{"line":1,"column":1065}},"24":{"start":{"line":1,"column":1066},"end":{"line":1,"column":1318}},"25":{"start":{"line":1,"column":1086},"end":{"line":1,"column":1102}},"26":{"start":{"line":1,"column":1108},"end":{"line":1,"column":1124}},"27":{"start":{"line":1,"column":1130},"end":{"line":1,"column":1146}},"28":{"start":{"line":1,"column":1147},"end":{"line":1,"column":1300}},"29":{"start":{"line":1,"column":1182},"end":{"line":1,"column":1299}},"30":{"start":{"line":1,"column":1310},"end":{"line":1,"column":1317}},"31":{"start":{"line":1,"column":1319},"end":{"line":1,"column":1332}},"32":{"start":{"line":1,"column":1378},"end":{"line":1,"column":1438}},"33":{"start":{"line":1,"column":1455},"end":{"line":1,"column":1482}},"34":{"start":{"line":1,"column":1489},"end":{"line":1,"column":1490}},"35":{"start":{"line":1,"column":1497},"end":{"line":1,"column":1515}},"36":{"start":{"line":1,"column":1516},"end":{"line":1,"column":1854}},"37":{"start":{"line":1,"column":1544},"end":{"line":1,"column":1562}},"38":{"start":{"line":1,"column":1572},"end":{"line":1,"column":1597}},"39":{"start":{"line":1,"column":1598},"end":{"line":1,"column":1853}},"40":{"start":{"line":1,"column":1619},"end":{"line":1,"column":1635}},"41":{"start":{"line":1,"column":1641},"end":{"line":1,"column":1658}},"42":{"start":{"line":1,"column":1664},"end":{"line":1,"column":1681}},"43":{"start":{"line":1,"column":1682},"end":{"line":1,"column":1835}},"44":{"start":{"line":1,"column":1717},"end":{"line":1,"column":1834}},"45":{"start":{"line":1,"column":1845},"end":{"line":1,"column":1852}},"46":{"start":{"line":1,"column":1854},"end":{"line":1,"column":1867}},"47":{"start":{"line":1,"column":1868},"end":{"line":1,"column":1955}},"48":{"start":{"line":1,"column":1895},"end":{"line":1,"column":1953}}},"fnMap":{"0":{"name":"(anonymous_0)","decl":{"start":{"line":1,"column":98},"end":{"line":1,"column":99}},"loc":{"start":{"line":1,"column":114},"end":{"line":1,"column":293}},"line":1},"1":{"name":"_interopRequireDefault","decl":{"start":{"line":1,"column":545},"end":{"line":1,"column":567}},"loc":{"start":{"line":1,"column":572},"end":{"line":1,"column":619}},"line":1},"2":{"name":"_defineProperty","decl":{"start":{"line":1,"column":628},"end":{"line":1,"column":643}},"loc":{"start":{"line":1,"column":658},"end":{"line":1,"column":801}},"line":1},"3":{"name":"initialHardStorageState","decl":{"start":{"line":1,"column":810},"end":{"line":1,"column":833}},"loc":{"start":{"line":1,"column":835},"end":{"line":1,"column":1333}},"line":1},"4":{"name":"initialSoftStorageState","decl":{"start":{"line":1,"column":1342},"end":{"line":1,"column":1365}},"loc":{"start":{"line":1,"column":1367},"end":{"line":1,"column":1868}},"line":1},"5":{"name":"(anonymous_5)","decl":{"start":{"line":1,"column":1884},"end":{"line":1,"column":1885}},"loc":{"start":{"line":1,"column":1894},"end":{"line":1,"column":1954}},"line":1}},"branchMap":{"0":{"loc":{"start":{"line":1,"column":83},"end":{"line":1,"column":293}},"type":"binary-expr","locations":[{"start":{"line":1,"column":83},"end":{"line":1,"column":96}},{"start":{"line":1,"column":98},"end":{"line":1,"column":293}}],"line":1},"1":{"loc":{"start":{"line":1,"column":198},"end":{"line":1,"column":276}},"type":"if","locations":[{"start":{"line":1,"column":198},"end":{"line":1,"column":276}},{"start":{"line":1,"column":198},"end":{"line":1,"column":276}}],"line":1},"2":{"loc":{"start":{"line":1,"column":580},"end":{"line":1,"column":617}},"type":"cond-expr","locations":[{"start":{"line":1,"column":600},"end":{"line":1,"column":603}},{"start":{"line":1,"column":604},"end":{"line":1,"column":617}}],"line":1},"3":{"loc":{"start":{"line":1,"column":580},"end":{"line":1,"column":599}},"type":"binary-expr","locations":[{"start":{"line":1,"column":580},"end":{"line":1,"column":583}},{"start":{"line":1,"column":585},"end":{"line":1,"column":599}}],"line":1},"4":{"loc":{"start":{"line":1,"column":659},"end":{"line":1,"column":789}},"type":"if","locations":[{"start":{"line":1,"column":659},"end":{"line":1,"column":789}},{"start":{"line":1,"column":659},"end":{"line":1,"column":789}}],"line":1},"5":{"loc":{"start":{"line":1,"column":846},"end":{"line":1,"column":906}},"type":"cond-expr","locations":[{"start":{"line":1,"column":891},"end":{"line":1,"column":903}},{"start":{"line":1,"column":904},"end":{"line":1,"column":906}}],"line":1},"6":{"loc":{"start":{"line":1,"column":846},"end":{"line":1,"column":890}},"type":"binary-expr","locations":[{"start":{"line":1,"column":846},"end":{"line":1,"column":864}},{"start":{"line":1,"column":866},"end":{"line":1,"column":890}}],"line":1},"7":{"loc":{"start":{"line":1,"column":1147},"end":{"line":1,"column":1300}},"type":"if","locations":[{"start":{"line":1,"column":1147},"end":{"line":1,"column":1300}},{"start":{"line":1,"column":1147},"end":{"line":1,"column":1300}}],"line":1},"8":{"loc":{"start":{"line":1,"column":1151},"end":{"line":1,"column":1162}},"type":"binary-expr","locations":[{"start":{"line":1,"column":1151},"end":{"line":1,"column":1155}},{"start":{"line":1,"column":1157},"end":{"line":1,"column":1162}}],"line":1},"9":{"loc":{"start":{"line":1,"column":1276},"end":{"line":1,"column":1295}},"type":"cond-expr","locations":[{"start":{"line":1,"column":1281},"end":{"line":1,"column":1292}},{"start":{"line":1,"column":1293},"end":{"line":1,"column":1295}}],"line":1},"10":{"loc":{"start":{"line":1,"column":1378},"end":{"line":1,"column":1438}},"type":"cond-expr","locations":[{"start":{"line":1,"column":1423},"end":{"line":1,"column":1435}},{"start":{"line":1,"column":1436},"end":{"line":1,"column":1438}}],"line":1},"11":{"loc":{"start":{"line":1,"column":1378},"end":{"line":1,"column":1422}},"type":"binary-expr","locations":[{"start":{"line":1,"column":1378},"end":{"line":1,"column":1396}},{"start":{"line":1,"column":1398},"end":{"line":1,"column":1422}}],"line":1},"12":{"loc":{"start":{"line":1,"column":1682},"end":{"line":1,"column":1835}},"type":"if","locations":[{"start":{"line":1,"column":1682},"end":{"line":1,"column":1835}},{"start":{"line":1,"column":1682},"end":{"line":1,"column":1835}}],"line":1},"13":{"loc":{"start":{"line":1,"column":1686},"end":{"line":1,"column":1697}},"type":"binary-expr","locations":[{"start":{"line":1,"column":1686},"end":{"line":1,"column":1690}},{"start":{"line":1,"column":1692},"end":{"line":1,"column":1697}}],"line":1},"14":{"loc":{"start":{"line":1,"column":1811},"end":{"line":1,"column":1830}},"type":"cond-expr","locations":[{"start":{"line":1,"column":1816},"end":{"line":1,"column":1827}},{"start":{"line":1,"column":1828},"end":{"line":1,"column":1830}}],"line":1}},"s":{"0":1,"1":1,"2":0,"3":0,"4":0,"5":0,"6":0,"7":0,"8":1,"9":1,"10":1,"11":1,"12":2,"13":0,"14":0,"15":0,"16":0,"17":1,"18":1,"19":1,"20":1,"21":1,"22":0,"23":0,"24":0,"25":0,"26":0,"27":0,"28":0,"29":0,"30":0,"31":1,"32":1,"33":1,"34":1,"35":1,"36":1,"37":0,"38":0,"39":0,"40":0,"41":0,"42":0,"43":0,"44":0,"45":0,"46":1,"47":1,"48":1},"f":{"0":0,"1":2,"2":0,"3":1,"4":1,"5":1},"b":{"0":[1,0],"1":[0,0],"2":[2,0],"3":[2,2],"4":[0,0],"5":[0,1],"6":[1,0],"7":[0,0],"8":[0,0],"9":[0,0],"10":[1,0],"11":[1,1],"12":[0,0],"13":[0,0],"14":[0,0]},"_coverageSchema":"332fd63041d2c1bcb487cc26dd0d5f7d97098a6c","hash":"013b6b1d770ded6aa42498e6db80ddbd234985f7","contentHash":"12d1b82de8082cdc08f7aabc07ed03f9_11.2.1"},"/Users/jonathanperry/Documents/GitHub/Sequence Media/Redux.Storage.Middleware/src/components/storage/hard-storage/index.js":{"path":"/Users/jonathanperry/Documents/GitHub/Sequence Media/Redux.Storage.Middleware/src/components/storage/hard-storage/index.js","statementMap":{"0":{"start":{"line":1,"column":13},"end":{"line":1,"column":70}},"1":{"start":{"line":1,"column":76},"end":{"line":1,"column":89}},"2":{"start":{"line":1,"column":97},"end":{"line":1,"column":122}},"3":{"start":{"line":1,"column":160},"end":{"line":1,"column":205}},"4":{"start":{"line":1,"column":206},"end":{"line":1,"column":295}},"5":{"start":{"line":1,"column":233},"end":{"line":1,"column":293}}},"fnMap":{"0":{"name":"_interopRequireDefault","decl":{"start":{"line":1,"column":132},"end":{"line":1,"column":154}},"loc":{"start":{"line":1,"column":159},"end":{"line":1,"column":206}},"line":1},"1":{"name":"(anonymous_1)","decl":{"start":{"line":1,"column":222},"end":{"line":1,"column":223}},"loc":{"start":{"line":1,"column":232},"end":{"line":1,"column":294}},"line":1}},"branchMap":{"0":{"loc":{"start":{"line":1,"column":167},"end":{"line":1,"column":204}},"type":"cond-expr","locations":[{"start":{"line":1,"column":187},"end":{"line":1,"column":190}},{"start":{"line":1,"column":191},"end":{"line":1,"column":204}}],"line":1},"1":{"loc":{"start":{"line":1,"column":167},"end":{"line":1,"column":186}},"type":"binary-expr","locations":[{"start":{"line":1,"column":167},"end":{"line":1,"column":170}},{"start":{"line":1,"column":172},"end":{"line":1,"column":186}}],"line":1},"2":{"loc":{"start":{"line":1,"column":239},"end":{"line":1,"column":292}},"type":"cond-expr","locations":[{"start":{"line":1,"column":263},"end":{"line":1,"column":275}},{"start":{"line":1,"column":276},"end":{"line":1,"column":292}}],"line":1}},"s":{"0":1,"1":1,"2":1,"3":1,"4":1,"5":2},"f":{"0":1,"1":2},"b":{"0":[1,0],"1":[1,1],"2":[0,2]},"_coverageSchema":"332fd63041d2c1bcb487cc26dd0d5f7d97098a6c","hash":"b18e845111ebcbf94c0eae489f37c32214c8d9e0","contentHash":"00f8ec3f5d3d64b200ef91737edf2461_11.2.1"},"/Users/jonathanperry/Documents/GitHub/Sequence Media/Redux.Storage.Middleware/src/components/storage/index.js":{"path":"/Users/jonathanperry/Documents/GitHub/Sequence Media/Redux.Storage.Middleware/src/components/storage/index.js","statementMap":{"0":{"start":{"line":1,"column":13},"end":{"line":1,"column":70}},"1":{"start":{"line":1,"column":87},"end":{"line":1,"column":579}},"2":{"start":{"line":1,"column":138},"end":{"line":1,"column":380}},"3":{"start":{"line":1,"column":185},"end":{"line":1,"column":193}},"4":{"start":{"line":1,"column":194},"end":{"line":1,"column":245}},"5":{"start":{"line":1,"column":245},"end":{"line":1,"column":274}},"6":{"start":{"line":1,"column":274},"end":{"line":1,"column":323}},"7":{"start":{"line":1,"column":298},"end":{"line":1,"column":323}},"8":{"start":{"line":1,"column":323},"end":{"line":1,"column":379}},"9":{"start":{"line":1,"column":381},"end":{"line":1,"column":576}},"10":{"start":{"line":1,"column":433},"end":{"line":1,"column":498}},"11":{"start":{"line":1,"column":447},"end":{"line":1,"column":498}},"12":{"start":{"line":1,"column":498},"end":{"line":1,"column":555}},"13":{"start":{"line":1,"column":513},"end":{"line":1,"column":555}},"14":{"start":{"line":1,"column":555},"end":{"line":1,"column":574}},"15":{"start":{"line":1,"column":627},"end":{"line":1,"column":724}},"16":{"start":{"line":1,"column":666},"end":{"line":1,"column":723}},"17":{"start":{"line":1,"column":737},"end":{"line":1,"column":758}},"18":{"start":{"line":1,"column":771},"end":{"line":1,"column":1362}},"19":{"start":{"line":1,"column":801},"end":{"line":1,"column":831}},"20":{"start":{"line":1,"column":831},"end":{"line":1,"column":855}},"21":{"start":{"line":1,"column":856},"end":{"line":1,"column":1344}},"22":{"start":{"line":1,"column":929},"end":{"line":1,"column":942}},"23":{"start":{"line":1,"column":943},"end":{"line":1,"column":984}},"24":{"start":{"line":1,"column":1036},"end":{"line":1,"column":1065}},"25":{"start":{"line":1,"column":1117},"end":{"line":1,"column":1143}},"26":{"start":{"line":1,"column":1182},"end":{"line":1,"column":1204}},"27":{"start":{"line":1,"column":1244},"end":{"line":1,"column":1277}},"28":{"start":{"line":1,"column":1313},"end":{"line":1,"column":1339}},"29":{"start":{"line":1,"column":1344},"end":{"line":1,"column":1359}},"30":{"start":{"line":1,"column":1363},"end":{"line":1,"column":1387}}},"fnMap":{"0":{"name":"(anonymous_0)","decl":{"start":{"line":1,"column":87},"end":{"line":1,"column":88}},"loc":{"start":{"line":1,"column":97},"end":{"line":1,"column":577}},"line":1},"1":{"name":"defineProperties","decl":{"start":{"line":1,"column":107},"end":{"line":1,"column":123}},"loc":{"start":{"line":1,"column":137},"end":{"line":1,"column":381}},"line":1},"2":{"name":"(anonymous_2)","decl":{"start":{"line":1,"column":388},"end":{"line":1,"column":389}},"loc":{"start":{"line":1,"column":432},"end":{"line":1,"column":575}},"line":1},"3":{"name":"_classCallCheck","decl":{"start":{"line":1,"column":589},"end":{"line":1,"column":604}},"loc":{"start":{"line":1,"column":626},"end":{"line":1,"column":725}},"line":1},"4":{"name":"(anonymous_4)","decl":{"start":{"line":1,"column":771},"end":{"line":1,"column":772}},"loc":{"start":{"line":1,"column":781},"end":{"line":1,"column":1360}},"line":1},"5":{"name":"Storage","decl":{"start":{"line":1,"column":791},"end":{"line":1,"column":798}},"loc":{"start":{"line":1,"column":800},"end":{"line":1,"column":856}},"line":1},"6":{"name":"getItem","decl":{"start":{"line":1,"column":908},"end":{"line":1,"column":915}},"loc":{"start":{"line":1,"column":920},"end":{"line":1,"column":985}},"line":1},"7":{"name":"setItem","decl":{"start":{"line":1,"column":1017},"end":{"line":1,"column":1024}},"loc":{"start":{"line":1,"column":1035},"end":{"line":1,"column":1066}},"line":1},"8":{"name":"removeItem","decl":{"start":{"line":1,"column":1101},"end":{"line":1,"column":1111}},"loc":{"start":{"line":1,"column":1116},"end":{"line":1,"column":1144}},"line":1},"9":{"name":"clear","decl":{"start":{"line":1,"column":1174},"end":{"line":1,"column":1179}},"loc":{"start":{"line":1,"column":1181},"end":{"line":1,"column":1205}},"line":1},"10":{"name":"key","decl":{"start":{"line":1,"column":1233},"end":{"line":1,"column":1236}},"loc":{"start":{"line":1,"column":1243},"end":{"line":1,"column":1278}},"line":1},"11":{"name":"get","decl":{"start":{"line":1,"column":1307},"end":{"line":1,"column":1310}},"loc":{"start":{"line":1,"column":1312},"end":{"line":1,"column":1340}},"line":1}},"branchMap":{"0":{"loc":{"start":{"line":1,"column":216},"end":{"line":1,"column":244}},"type":"binary-expr","locations":[{"start":{"line":1,"column":216},"end":{"line":1,"column":237}},{"start":{"line":1,"column":239},"end":{"line":1,"column":244}}],"line":1},"1":{"loc":{"start":{"line":1,"column":274},"end":{"line":1,"column":323}},"type":"if","locations":[{"start":{"line":1,"column":274},"end":{"line":1,"column":323}},{"start":{"line":1,"column":274},"end":{"line":1,"column":323}}],"line":1},"2":{"loc":{"start":{"line":1,"column":433},"end":{"line":1,"column":498}},"type":"if","locations":[{"start":{"line":1,"column":433},"end":{"line":1,"column":498}},{"start":{"line":1,"column":433},"end":{"line":1,"column":498}}],"line":1},"3":{"loc":{"start":{"line":1,"column":498},"end":{"line":1,"column":555}},"type":"if","locations":[{"start":{"line":1,"column":498},"end":{"line":1,"column":555}},{"start":{"line":1,"column":498},"end":{"line":1,"column":555}}],"line":1},"4":{"loc":{"start":{"line":1,"column":627},"end":{"line":1,"column":724}},"type":"if","locations":[{"start":{"line":1,"column":627},"end":{"line":1,"column":724}},{"start":{"line":1,"column":627},"end":{"line":1,"column":724}}],"line":1},"5":{"loc":{"start":{"line":1,"column":950},"end":{"line":1,"column":983}},"type":"cond-expr","locations":[{"start":{"line":1,"column":963},"end":{"line":1,"column":978}},{"start":{"line":1,"column":979},"end":{"line":1,"column":983}}],"line":1}},"s":{"0":1,"1":1,"2":1,"3":6,"4":6,"5":6,"6":6,"7":5,"8":6,"9":1,"10":1,"11":1,"12":1,"13":0,"14":1,"15":4,"16":0,"17":1,"18":1,"19":4,"20":4,"21":1,"22":0,"23":0,"24":0,"25":0,"26":0,"27":0,"28":2,"29":1,"30":1},"f":{"0":1,"1":1,"2":1,"3":4,"4":1,"5":4,"6":0,"7":0,"8":0,"9":0,"10":0,"11":2},"b":{"0":[6,6],"1":[5,1],"2":[1,0],"3":[0,1],"4":[0,4],"5":[0,0]},"_coverageSchema":"332fd63041d2c1bcb487cc26dd0d5f7d97098a6c","hash":"3c4b3c49af21530b6e4c127934888714947a3e54","contentHash":"59ad78308b3e950c4fe4bc4a2731d5c9_11.2.1"},"/Users/jonathanperry/Documents/GitHub/Sequence Media/Redux.Storage.Middleware/src/components/storage/soft-storage/index.js":{"path":"/Users/jonathanperry/Documents/GitHub/Sequence Media/Redux.Storage.Middleware/src/components/storage/soft-storage/index.js","statementMap":{"0":{"start":{"line":1,"column":13},"end":{"line":1,"column":70}},"1":{"start":{"line":1,"column":76},"end":{"line":1,"column":89}},"2":{"start":{"line":1,"column":97},"end":{"line":1,"column":122}},"3":{"start":{"line":1,"column":160},"end":{"line":1,"column":205}},"4":{"start":{"line":1,"column":206},"end":{"line":1,"column":299}},"5":{"start":{"line":1,"column":233},"end":{"line":1,"column":297}}},"fnMap":{"0":{"name":"_interopRequireDefault","decl":{"start":{"line":1,"column":132},"end":{"line":1,"column":154}},"loc":{"start":{"line":1,"column":159},"end":{"line":1,"column":206}},"line":1},"1":{"name":"(anonymous_1)","decl":{"start":{"line":1,"column":222},"end":{"line":1,"column":223}},"loc":{"start":{"line":1,"column":232},"end":{"line":1,"column":298}},"line":1}},"branchMap":{"0":{"loc":{"start":{"line":1,"column":167},"end":{"line":1,"column":204}},"type":"cond-expr","locations":[{"start":{"line":1,"column":187},"end":{"line":1,"column":190}},{"start":{"line":1,"column":191},"end":{"line":1,"column":204}}],"line":1},"1":{"loc":{"start":{"line":1,"column":167},"end":{"line":1,"column":186}},"type":"binary-expr","locations":[{"start":{"line":1,"column":167},"end":{"line":1,"column":170}},{"start":{"line":1,"column":172},"end":{"line":1,"column":186}}],"line":1},"2":{"loc":{"start":{"line":1,"column":239},"end":{"line":1,"column":296}},"type":"cond-expr","locations":[{"start":{"line":1,"column":265},"end":{"line":1,"column":279}},{"start":{"line":1,"column":280},"end":{"line":1,"column":296}}],"line":1}},"s":{"0":1,"1":1,"2":1,"3":1,"4":1,"5":2},"f":{"0":1,"1":2},"b":{"0":[1,0],"1":[1,1],"2":[0,2]},"_coverageSchema":"332fd63041d2c1bcb487cc26dd0d5f7d97098a6c","hash":"791b8c77fb049ffba740d53252a3bb75ff4e47fb","contentHash":"a86a8a4f573cba0c586c5cb769cf3e1d_11.2.1"},"/Users/jonathanperry/Documents/GitHub/Sequence Media/Redux.Storage.Middleware/src/storage.js":{"path":"/Users/jonathanperry/Documents/GitHub/Sequence Media/Redux.Storage.Middleware/src/storage.js","statementMap":{"0":{"start":{"line":1,"column":13},"end":{"line":1,"column":70}},"1":{"start":{"line":1,"column":83},"end":{"line":1,"column":293}},"2":{"start":{"line":1,"column":115},"end":{"line":1,"column":278}},"3":{"start":{"line":1,"column":162},"end":{"line":1,"column":174}},"4":{"start":{"line":1,"column":175},"end":{"line":1,"column":277}},"5":{"start":{"line":1,"column":198},"end":{"line":1,"column":276}},"6":{"start":{"line":1,"column":251},"end":{"line":1,"column":275}},"7":{"start":{"line":1,"column":278},"end":{"line":1,"column":292}},"8":{"start":{"line":1,"column":307},"end":{"line":1,"column":327}},"9":{"start":{"line":1,"column":345},"end":{"line":1,"column":389}},"10":{"start":{"line":1,"column":408},"end":{"line":1,"column":444}},"11":{"start":{"line":1,"column":462},"end":{"line":1,"column":506}},"12":{"start":{"line":1,"column":525},"end":{"line":1,"column":561}},"13":{"start":{"line":1,"column":599},"end":{"line":1,"column":644}},"14":{"start":{"line":1,"column":700},"end":{"line":1,"column":702}},"15":{"start":{"line":1,"column":703},"end":{"line":1,"column":827}},"16":{"start":{"line":1,"column":721},"end":{"line":1,"column":752}},"17":{"start":{"line":1,"column":743},"end":{"line":1,"column":752}},"18":{"start":{"line":1,"column":752},"end":{"line":1,"column":809}},"19":{"start":{"line":1,"column":800},"end":{"line":1,"column":809}},"20":{"start":{"line":1,"column":809},"end":{"line":1,"column":826}},"21":{"start":{"line":1,"column":827},"end":{"line":1,"column":841}},"22":{"start":{"line":1,"column":858},"end":{"line":1,"column":885}},"23":{"start":{"line":1,"column":902},"end":{"line":1,"column":929}},"24":{"start":{"line":1,"column":953},"end":{"line":1,"column":1020}},"25":{"start":{"line":1,"column":989},"end":{"line":1,"column":1019}},"26":{"start":{"line":1,"column":1044},"end":{"line":1,"column":1107}},"27":{"start":{"line":1,"column":1080},"end":{"line":1,"column":1106}},"28":{"start":{"line":1,"column":1123},"end":{"line":1,"column":1259}},"29":{"start":{"line":1,"column":1158},"end":{"line":1,"column":1167}},"30":{"start":{"line":1,"column":1173},"end":{"line":1,"column":1212}},"31":{"start":{"line":1,"column":1213},"end":{"line":1,"column":1258}},"32":{"start":{"line":1,"column":1284},"end":{"line":1,"column":1564}},"33":{"start":{"line":1,"column":1344},"end":{"line":1,"column":1363}},"34":{"start":{"line":1,"column":1378},"end":{"line":1,"column":1435}},"35":{"start":{"line":1,"column":1441},"end":{"line":1,"column":1490}},"36":{"start":{"line":1,"column":1491},"end":{"line":1,"column":1563}},"37":{"start":{"line":1,"column":1589},"end":{"line":1,"column":1869}},"38":{"start":{"line":1,"column":1649},"end":{"line":1,"column":1668}},"39":{"start":{"line":1,"column":1683},"end":{"line":1,"column":1740}},"40":{"start":{"line":1,"column":1746},"end":{"line":1,"column":1795}},"41":{"start":{"line":1,"column":1796},"end":{"line":1,"column":1868}},"42":{"start":{"line":1,"column":1885},"end":{"line":1,"column":2044}},"43":{"start":{"line":1,"column":1916},"end":{"line":1,"column":1976}},"44":{"start":{"line":1,"column":1977},"end":{"line":1,"column":2043}},"45":{"start":{"line":1,"column":2086},"end":{"line":1,"column":2096}},"46":{"start":{"line":1,"column":2097},"end":{"line":1,"column":2145}},"47":{"start":{"line":1,"column":2171},"end":{"line":1,"column":2195}},"48":{"start":{"line":1,"column":2210},"end":{"line":1,"column":2271}},"49":{"start":{"line":1,"column":2294},"end":{"line":1,"column":2318}},"50":{"start":{"line":1,"column":2333},"end":{"line":1,"column":2394}},"51":{"start":{"line":1,"column":2400},"end":{"line":1,"column":2415}},"52":{"start":{"line":1,"column":2416},"end":{"line":1,"column":3035}},"53":{"start":{"line":1,"column":2443},"end":{"line":1,"column":2468}},"54":{"start":{"line":1,"column":2479},"end":{"line":1,"column":2507}},"55":{"start":{"line":1,"column":2513},"end":{"line":1,"column":2523}},"56":{"start":{"line":1,"column":2524},"end":{"line":1,"column":2536}},"57":{"start":{"line":1,"column":2542},"end":{"line":1,"column":3034}},"58":{"start":{"line":1,"column":2570},"end":{"line":1,"column":2595}},"59":{"start":{"line":1,"column":2606},"end":{"line":1,"column":2635}},"60":{"start":{"line":1,"column":2642},"end":{"line":1,"column":2652}},"61":{"start":{"line":1,"column":2653},"end":{"line":1,"column":2666}},"62":{"start":{"line":1,"column":2692},"end":{"line":1,"column":2708}},"63":{"start":{"line":1,"column":2731},"end":{"line":1,"column":2759}},"64":{"start":{"line":1,"column":2760},"end":{"line":1,"column":2841}},"65":{"start":{"line":1,"column":2868},"end":{"line":1,"column":2895}},"66":{"start":{"line":1,"column":2896},"end":{"line":1,"column":2980}},"67":{"start":{"line":1,"column":2991},"end":{"line":1,"column":3018}},"68":{"start":{"line":1,"column":3019},"end":{"line":1,"column":3033}},"69":{"start":{"line":1,"column":3071},"end":{"line":1,"column":3081}},"70":{"start":{"line":1,"column":3093},"end":{"line":1,"column":3103}},"71":{"start":{"line":1,"column":3104},"end":{"line":1,"column":3152}},"72":{"start":{"line":1,"column":3178},"end":{"line":1,"column":3202}},"73":{"start":{"line":1,"column":3217},"end":{"line":1,"column":3278}},"74":{"start":{"line":1,"column":3301},"end":{"line":1,"column":3325}},"75":{"start":{"line":1,"column":3340},"end":{"line":1,"column":3401}},"76":{"start":{"line":1,"column":3407},"end":{"line":1,"column":3422}},"77":{"start":{"line":1,"column":3428},"end":{"line":1,"column":3505}},"78":{"start":{"line":1,"column":3511},"end":{"line":1,"column":3521}},"79":{"start":{"line":1,"column":3522},"end":{"line":1,"column":4279}},"80":{"start":{"line":1,"column":3549},"end":{"line":1,"column":3574}},"81":{"start":{"line":1,"column":3585},"end":{"line":1,"column":3613}},"82":{"start":{"line":1,"column":3625},"end":{"line":1,"column":3635}},"83":{"start":{"line":1,"column":3648},"end":{"line":1,"column":3684}},"84":{"start":{"line":1,"column":3697},"end":{"line":1,"column":3707}},"85":{"start":{"line":1,"column":3717},"end":{"line":1,"column":3859}},"86":{"start":{"line":1,"column":3860},"end":{"line":1,"column":3891}},"87":{"start":{"line":1,"column":3897},"end":{"line":1,"column":4278}},"88":{"start":{"line":1,"column":3926},"end":{"line":1,"column":3951}},"89":{"start":{"line":1,"column":3962},"end":{"line":1,"column":3992}},"90":{"start":{"line":1,"column":4004},"end":{"line":1,"column":4014}},"91":{"start":{"line":1,"column":4028},"end":{"line":1,"column":4064}},"92":{"start":{"line":1,"column":4078},"end":{"line":1,"column":4088}},"93":{"start":{"line":1,"column":4099},"end":{"line":1,"column":4244}},"94":{"start":{"line":1,"column":4245},"end":{"line":1,"column":4277}},"95":{"start":{"line":1,"column":4332},"end":{"line":1,"column":4343}},"96":{"start":{"line":1,"column":4344},"end":{"line":1,"column":4395}},"97":{"start":{"line":1,"column":4421},"end":{"line":1,"column":4446}},"98":{"start":{"line":1,"column":4461},"end":{"line":1,"column":4522}},"99":{"start":{"line":1,"column":4545},"end":{"line":1,"column":4570}},"100":{"start":{"line":1,"column":4585},"end":{"line":1,"column":4646}},"101":{"start":{"line":1,"column":4652},"end":{"line":1,"column":4668}},"102":{"start":{"line":1,"column":4674},"end":{"line":1,"column":4752}},"103":{"start":{"line":1,"column":4758},"end":{"line":1,"column":4769}},"104":{"start":{"line":1,"column":4777},"end":{"line":1,"column":4825}},"105":{"start":{"line":1,"column":4826},"end":{"line":1,"column":6101}},"106":{"start":{"line":1,"column":4853},"end":{"line":1,"column":4878}},"107":{"start":{"line":1,"column":4890},"end":{"line":1,"column":4918}},"108":{"start":{"line":1,"column":4931},"end":{"line":1,"column":4942}},"109":{"start":{"line":1,"column":4955},"end":{"line":1,"column":4993}},"110":{"start":{"line":1,"column":5006},"end":{"line":1,"column":5017}},"111":{"start":{"line":1,"column":5027},"end":{"line":1,"column":5169}},"112":{"start":{"line":1,"column":5170},"end":{"line":1,"column":5201}},"113":{"start":{"line":1,"column":5201},"end":{"line":1,"column":5244}},"114":{"start":{"line":1,"column":5216},"end":{"line":1,"column":5244}},"115":{"start":{"line":1,"column":5250},"end":{"line":1,"column":6100}},"116":{"start":{"line":1,"column":5279},"end":{"line":1,"column":5304}},"117":{"start":{"line":1,"column":5316},"end":{"line":1,"column":5346}},"118":{"start":{"line":1,"column":5359},"end":{"line":1,"column":5370}},"119":{"start":{"line":1,"column":5385},"end":{"line":1,"column":5423}},"120":{"start":{"line":1,"column":5438},"end":{"line":1,"column":5449}},"121":{"start":{"line":1,"column":5461},"end":{"line":1,"column":5609}},"122":{"start":{"line":1,"column":5610},"end":{"line":1,"column":5643}},"123":{"start":{"line":1,"column":5643},"end":{"line":1,"column":5690}},"124":{"start":{"line":1,"column":5660},"end":{"line":1,"column":5690}},"125":{"start":{"line":1,"column":5717},"end":{"line":1,"column":5733}},"126":{"start":{"line":1,"column":5756},"end":{"line":1,"column":5785}},"127":{"start":{"line":1,"column":5786},"end":{"line":1,"column":5867}},"128":{"start":{"line":1,"column":5894},"end":{"line":1,"column":5921}},"129":{"start":{"line":1,"column":5922},"end":{"line":1,"column":6006}},"130":{"start":{"line":1,"column":6024},"end":{"line":1,"column":6051}},"131":{"start":{"line":1,"column":6052},"end":{"line":1,"column":6099}},"132":{"start":{"line":1,"column":6069},"end":{"line":1,"column":6099}},"133":{"start":{"line":1,"column":6154},"end":{"line":1,"column":6165}},"134":{"start":{"line":1,"column":6166},"end":{"line":1,"column":6217}},"135":{"start":{"line":1,"column":6243},"end":{"line":1,"column":6268}},"136":{"start":{"line":1,"column":6283},"end":{"line":1,"column":6344}},"137":{"start":{"line":1,"column":6367},"end":{"line":1,"column":6392}},"138":{"start":{"line":1,"column":6407},"end":{"line":1,"column":6468}},"139":{"start":{"line":1,"column":6474},"end":{"line":1,"column":6490}},"140":{"start":{"line":1,"column":6496},"end":{"line":1,"column":6574}},"141":{"start":{"line":1,"column":6580},"end":{"line":1,"column":6591}},"142":{"start":{"line":1,"column":6599},"end":{"line":1,"column":6647}},"143":{"start":{"line":1,"column":6648},"end":{"line":1,"column":7424}},"144":{"start":{"line":1,"column":6675},"end":{"line":1,"column":6700}},"145":{"start":{"line":1,"column":6712},"end":{"line":1,"column":6740}},"146":{"start":{"line":1,"column":6753},"end":{"line":1,"column":6764}},"147":{"start":{"line":1,"column":6777},"end":{"line":1,"column":6815}},"148":{"start":{"line":1,"column":6828},"end":{"line":1,"column":6839}},"149":{"start":{"line":1,"column":6849},"end":{"line":1,"column":6991}},"150":{"start":{"line":1,"column":6992},"end":{"line":1,"column":7023}},"151":{"start":{"line":1,"column":7029},"end":{"line":1,"column":7423}},"152":{"start":{"line":1,"column":7058},"end":{"line":1,"column":7083}},"153":{"start":{"line":1,"column":7095},"end":{"line":1,"column":7125}},"154":{"start":{"line":1,"column":7138},"end":{"line":1,"column":7149}},"155":{"start":{"line":1,"column":7164},"end":{"line":1,"column":7202}},"156":{"start":{"line":1,"column":7217},"end":{"line":1,"column":7228}},"157":{"start":{"line":1,"column":7240},"end":{"line":1,"column":7388}},"158":{"start":{"line":1,"column":7389},"end":{"line":1,"column":7422}},"159":{"start":{"line":1,"column":7477},"end":{"line":1,"column":7488}},"160":{"start":{"line":1,"column":7489},"end":{"line":1,"column":7540}},"161":{"start":{"line":1,"column":7566},"end":{"line":1,"column":7591}},"162":{"start":{"line":1,"column":7606},"end":{"line":1,"column":7667}},"163":{"start":{"line":1,"column":7690},"end":{"line":1,"column":7715}},"164":{"start":{"line":1,"column":7730},"end":{"line":1,"column":7791}},"165":{"start":{"line":1,"column":7797},"end":{"line":1,"column":7813}},"166":{"start":{"line":1,"column":7819},"end":{"line":1,"column":7897}},"167":{"start":{"line":1,"column":7905},"end":{"line":1,"column":7946}},"168":{"start":{"line":1,"column":7947},"end":{"line":1,"column":8049}},"169":{"start":{"line":1,"column":7965},"end":{"line":1,"column":7994}},"170":{"start":{"line":1,"column":8000},"end":{"line":1,"column":8048}},"171":{"start":{"line":1,"column":8018},"end":{"line":1,"column":8047}},"172":{"start":{"line":1,"column":8050},"end":{"line":1,"column":8787}},"173":{"start":{"line":1,"column":8082},"end":{"line":1,"column":8785}},"174":{"start":{"line":1,"column":8104},"end":{"line":1,"column":8783}},"175":{"start":{"line":1,"column":8137},"end":{"line":1,"column":8148}},"176":{"start":{"line":1,"column":8149},"end":{"line":1,"column":8781}},"177":{"start":{"line":1,"column":8210},"end":{"line":1,"column":8221}},"178":{"start":{"line":1,"column":8231},"end":{"line":1,"column":8252}},"179":{"start":{"line":1,"column":8262},"end":{"line":1,"column":8283}},"180":{"start":{"line":1,"column":8295},"end":{"line":1,"column":8318}},"181":{"start":{"line":1,"column":8324},"end":{"line":1,"column":8341}},"182":{"start":{"line":1,"column":8349},"end":{"line":1,"column":8360}},"183":{"start":{"line":1,"column":8361},"end":{"line":1,"column":8526}},"184":{"start":{"line":1,"column":8555},"end":{"line":1,"column":8582}},"185":{"start":{"line":1,"column":8582},"end":{"line":1,"column":8602}},"186":{"start":{"line":1,"column":8630},"end":{"line":1,"column":8657}},"187":{"start":{"line":1,"column":8657},"end":{"line":1,"column":8677}},"188":{"start":{"line":1,"column":8705},"end":{"line":1,"column":8732}},"189":{"start":{"line":1,"column":8732},"end":{"line":1,"column":8752}},"190":{"start":{"line":1,"column":8760},"end":{"line":1,"column":8780}}},"fnMap":{"0":{"name":"(anonymous_0)","decl":{"start":{"line":1,"column":98},"end":{"line":1,"column":99}},"loc":{"start":{"line":1,"column":114},"end":{"line":1,"column":293}},"line":1},"1":{"name":"_interopRequireDefault","decl":{"start":{"line":1,"column":571},"end":{"line":1,"column":593}},"loc":{"start":{"line":1,"column":598},"end":{"line":1,"column":645}},"line":1},"2":{"name":"_objectWithoutProperties","decl":{"start":{"line":1,"column":654},"end":{"line":1,"column":678}},"loc":{"start":{"line":1,"column":688},"end":{"line":1,"column":842}},"line":1},"3":{"name":"fromObjectToString","decl":{"start":{"line":1,"column":962},"end":{"line":1,"column":980}},"loc":{"start":{"line":1,"column":988},"end":{"line":1,"column":1020}},"line":1},"4":{"name":"fromStringToObject","decl":{"start":{"line":1,"column":1053},"end":{"line":1,"column":1071}},"loc":{"start":{"line":1,"column":1079},"end":{"line":1,"column":1107}},"line":1},"5":{"name":"createType","decl":{"start":{"line":1,"column":1132},"end":{"line":1,"column":1142}},"loc":{"start":{"line":1,"column":1148},"end":{"line":1,"column":1259}},"line":1},"6":{"name":"createIsHardStorage","decl":{"start":{"line":1,"column":1293},"end":{"line":1,"column":1312}},"loc":{"start":{"line":1,"column":1319},"end":{"line":1,"column":1564}},"line":1},"7":{"name":"createIsSoftStorage","decl":{"start":{"line":1,"column":1598},"end":{"line":1,"column":1617}},"loc":{"start":{"line":1,"column":1624},"end":{"line":1,"column":1869}},"line":1},"8":{"name":"createMeta","decl":{"start":{"line":1,"column":1894},"end":{"line":1,"column":1904}},"loc":{"start":{"line":1,"column":1906},"end":{"line":1,"column":2044}},"line":1},"9":{"name":"get","decl":{"start":{"line":1,"column":2054},"end":{"line":1,"column":2057}},"loc":{"start":{"line":1,"column":2070},"end":{"line":1,"column":3036}},"line":1},"10":{"name":"put","decl":{"start":{"line":1,"column":3045},"end":{"line":1,"column":3048}},"loc":{"start":{"line":1,"column":3061},"end":{"line":1,"column":4280}},"line":1},"11":{"name":"storageFetch","decl":{"start":{"line":1,"column":4289},"end":{"line":1,"column":4301}},"loc":{"start":{"line":1,"column":4315},"end":{"line":1,"column":6102}},"line":1},"12":{"name":"storageStore","decl":{"start":{"line":1,"column":6111},"end":{"line":1,"column":6123}},"loc":{"start":{"line":1,"column":6137},"end":{"line":1,"column":7425}},"line":1},"13":{"name":"storageClear","decl":{"start":{"line":1,"column":7434},"end":{"line":1,"column":7446}},"loc":{"start":{"line":1,"column":7460},"end":{"line":1,"column":8050}},"line":1},"14":{"name":"(anonymous_14)","decl":{"start":{"line":1,"column":8066},"end":{"line":1,"column":8067}},"loc":{"start":{"line":1,"column":8081},"end":{"line":1,"column":8786}},"line":1},"15":{"name":"(anonymous_15)","decl":{"start":{"line":1,"column":8089},"end":{"line":1,"column":8090}},"loc":{"start":{"line":1,"column":8103},"end":{"line":1,"column":8784}},"line":1},"16":{"name":"(anonymous_16)","decl":{"start":{"line":1,"column":8111},"end":{"line":1,"column":8112}},"loc":{"start":{"line":1,"column":8127},"end":{"line":1,"column":8782}},"line":1}},"branchMap":{"0":{"loc":{"start":{"line":1,"column":83},"end":{"line":1,"column":293}},"type":"binary-expr","locations":[{"start":{"line":1,"column":83},"end":{"line":1,"column":96}},{"start":{"line":1,"column":98},"end":{"line":1,"column":293}}],"line":1},"1":{"loc":{"start":{"line":1,"column":198},"end":{"line":1,"column":276}},"type":"if","locations":[{"start":{"line":1,"column":198},"end":{"line":1,"column":276}},{"start":{"line":1,"column":198},"end":{"line":1,"column":276}}],"line":1},"2":{"loc":{"start":{"line":1,"column":606},"end":{"line":1,"column":643}},"type":"cond-expr","locations":[{"start":{"line":1,"column":626},"end":{"line":1,"column":629}},{"start":{"line":1,"column":630},"end":{"line":1,"column":643}}],"line":1},"3":{"loc":{"start":{"line":1,"column":606},"end":{"line":1,"column":625}},"type":"binary-expr","locations":[{"start":{"line":1,"column":606},"end":{"line":1,"column":609}},{"start":{"line":1,"column":611},"end":{"line":1,"column":625}}],"line":1},"4":{"loc":{"start":{"line":1,"column":721},"end":{"line":1,"column":752}},"type":"if","locations":[{"start":{"line":1,"column":721},"end":{"line":1,"column":752}},{"start":{"line":1,"column":721},"end":{"line":1,"column":752}}],"line":1},"5":{"loc":{"start":{"line":1,"column":752},"end":{"line":1,"column":809}},"type":"if","locations":[{"start":{"line":1,"column":752},"end":{"line":1,"column":809}},{"start":{"line":1,"column":752},"end":{"line":1,"column":809}}],"line":1},"6":{"loc":{"start":{"line":1,"column":1237},"end":{"line":1,"column":1256}},"type":"cond-expr","locations":[{"start":{"line":1,"column":1242},"end":{"line":1,"column":1253}},{"start":{"line":1,"column":1254},"end":{"line":1,"column":1256}}],"line":1},"7":{"loc":{"start":{"line":1,"column":1378},"end":{"line":1,"column":1435}},"type":"cond-expr","locations":[{"start":{"line":1,"column":1410},"end":{"line":1,"column":1415}},{"start":{"line":1,"column":1416},"end":{"line":1,"column":1435}}],"line":1},"8":{"loc":{"start":{"line":1,"column":1515},"end":{"line":1,"column":1561}},"type":"cond-expr","locations":[{"start":{"line":1,"column":1529},"end":{"line":1,"column":1558}},{"start":{"line":1,"column":1559},"end":{"line":1,"column":1561}}],"line":1},"9":{"loc":{"start":{"line":1,"column":1683},"end":{"line":1,"column":1740}},"type":"cond-expr","locations":[{"start":{"line":1,"column":1715},"end":{"line":1,"column":1720}},{"start":{"line":1,"column":1721},"end":{"line":1,"column":1740}}],"line":1},"10":{"loc":{"start":{"line":1,"column":1820},"end":{"line":1,"column":1866}},"type":"cond-expr","locations":[{"start":{"line":1,"column":1834},"end":{"line":1,"column":1863}},{"start":{"line":1,"column":1864},"end":{"line":1,"column":1866}}],"line":1},"11":{"loc":{"start":{"line":1,"column":1916},"end":{"line":1,"column":1976}},"type":"cond-expr","locations":[{"start":{"line":1,"column":1961},"end":{"line":1,"column":1973}},{"start":{"line":1,"column":1974},"end":{"line":1,"column":1976}}],"line":1},"12":{"loc":{"start":{"line":1,"column":1916},"end":{"line":1,"column":1960}},"type":"binary-expr","locations":[{"start":{"line":1,"column":1916},"end":{"line":1,"column":1934}},{"start":{"line":1,"column":1936},"end":{"line":1,"column":1960}}],"line":1},"13":{"loc":{"start":{"line":1,"column":2108},"end":{"line":1,"column":2144}},"type":"cond-expr","locations":[{"start":{"line":1,"column":2131},"end":{"line":1,"column":2133}},{"start":{"line":1,"column":2134},"end":{"line":1,"column":2144}}],"line":1},"14":{"loc":{"start":{"line":1,"column":2210},"end":{"line":1,"column":2271}},"type":"cond-expr","locations":[{"start":{"line":1,"column":2244},"end":{"line":1,"column":2249}},{"start":{"line":1,"column":2250},"end":{"line":1,"column":2271}}],"line":1},"15":{"loc":{"start":{"line":1,"column":2333},"end":{"line":1,"column":2394}},"type":"cond-expr","locations":[{"start":{"line":1,"column":2367},"end":{"line":1,"column":2372}},{"start":{"line":1,"column":2373},"end":{"line":1,"column":2394}}],"line":1},"16":{"loc":{"start":{"line":1,"column":2416},"end":{"line":1,"column":3035}},"type":"if","locations":[{"start":{"line":1,"column":2416},"end":{"line":1,"column":3035}},{"start":{"line":1,"column":2416},"end":{"line":1,"column":3035}}],"line":1},"17":{"loc":{"start":{"line":1,"column":2479},"end":{"line":1,"column":2507}},"type":"binary-expr","locations":[{"start":{"line":1,"column":2479},"end":{"line":1,"column":2503}},{"start":{"line":1,"column":2505},"end":{"line":1,"column":2507}}],"line":1},"18":{"loc":{"start":{"line":1,"column":2542},"end":{"line":1,"column":3034}},"type":"if","locations":[{"start":{"line":1,"column":2542},"end":{"line":1,"column":3034}},{"start":{"line":1,"column":2542},"end":{"line":1,"column":3034}}],"line":1},"19":{"loc":{"start":{"line":1,"column":2606},"end":{"line":1,"column":2635}},"type":"binary-expr","locations":[{"start":{"line":1,"column":2606},"end":{"line":1,"column":2631}},{"start":{"line":1,"column":2633},"end":{"line":1,"column":2635}}],"line":1},"20":{"loc":{"start":{"line":1,"column":2782},"end":{"line":1,"column":2840}},"type":"cond-expr","locations":[{"start":{"line":1,"column":2816},"end":{"line":1,"column":2818}},{"start":{"line":1,"column":2819},"end":{"line":1,"column":2840}}],"line":1},"21":{"loc":{"start":{"line":1,"column":2919},"end":{"line":1,"column":2979}},"type":"cond-expr","locations":[{"start":{"line":1,"column":2954},"end":{"line":1,"column":2956}},{"start":{"line":1,"column":2957},"end":{"line":1,"column":2979}}],"line":1},"22":{"loc":{"start":{"line":1,"column":3115},"end":{"line":1,"column":3151}},"type":"cond-expr","locations":[{"start":{"line":1,"column":3138},"end":{"line":1,"column":3140}},{"start":{"line":1,"column":3141},"end":{"line":1,"column":3151}}],"line":1},"23":{"loc":{"start":{"line":1,"column":3217},"end":{"line":1,"column":3278}},"type":"cond-expr","locations":[{"start":{"line":1,"column":3251},"end":{"line":1,"column":3256}},{"start":{"line":1,"column":3257},"end":{"line":1,"column":3278}}],"line":1},"24":{"loc":{"start":{"line":1,"column":3340},"end":{"line":1,"column":3401}},"type":"cond-expr","locations":[{"start":{"line":1,"column":3374},"end":{"line":1,"column":3379}},{"start":{"line":1,"column":3380},"end":{"line":1,"column":3401}}],"line":1},"25":{"loc":{"start":{"line":1,"column":3522},"end":{"line":1,"column":4279}},"type":"if","locations":[{"start":{"line":1,"column":3522},"end":{"line":1,"column":4279}},{"start":{"line":1,"column":3522},"end":{"line":1,"column":4279}}],"line":1},"26":{"loc":{"start":{"line":1,"column":3585},"end":{"line":1,"column":3613}},"type":"binary-expr","locations":[{"start":{"line":1,"column":3585},"end":{"line":1,"column":3609}},{"start":{"line":1,"column":3611},"end":{"line":1,"column":3613}}],"line":1},"27":{"loc":{"start":{"line":1,"column":3648},"end":{"line":1,"column":3684}},"type":"cond-expr","locations":[{"start":{"line":1,"column":3671},"end":{"line":1,"column":3673}},{"start":{"line":1,"column":3674},"end":{"line":1,"column":3684}}],"line":1},"28":{"loc":{"start":{"line":1,"column":3794},"end":{"line":1,"column":3857}},"type":"cond-expr","locations":[{"start":{"line":1,"column":3799},"end":{"line":1,"column":3810}},{"start":{"line":1,"column":3811},"end":{"line":1,"column":3857}}],"line":1},"29":{"loc":{"start":{"line":1,"column":3823},"end":{"line":1,"column":3856}},"type":"cond-expr","locations":[{"start":{"line":1,"column":3835},"end":{"line":1,"column":3853}},{"start":{"line":1,"column":3854},"end":{"line":1,"column":3856}}],"line":1},"30":{"loc":{"start":{"line":1,"column":3897},"end":{"line":1,"column":4278}},"type":"if","locations":[{"start":{"line":1,"column":3897},"end":{"line":1,"column":4278}},{"start":{"line":1,"column":3897},"end":{"line":1,"column":4278}}],"line":1},"31":{"loc":{"start":{"line":1,"column":3962},"end":{"line":1,"column":3992}},"type":"binary-expr","locations":[{"start":{"line":1,"column":3962},"end":{"line":1,"column":3988}},{"start":{"line":1,"column":3990},"end":{"line":1,"column":3992}}],"line":1},"32":{"loc":{"start":{"line":1,"column":4028},"end":{"line":1,"column":4064}},"type":"cond-expr","locations":[{"start":{"line":1,"column":4051},"end":{"line":1,"column":4053}},{"start":{"line":1,"column":4054},"end":{"line":1,"column":4064}}],"line":1},"33":{"loc":{"start":{"line":1,"column":4177},"end":{"line":1,"column":4242}},"type":"cond-expr","locations":[{"start":{"line":1,"column":4182},"end":{"line":1,"column":4193}},{"start":{"line":1,"column":4194},"end":{"line":1,"column":4242}}],"line":1},"34":{"loc":{"start":{"line":1,"column":4206},"end":{"line":1,"column":4241}},"type":"cond-expr","locations":[{"start":{"line":1,"column":4219},"end":{"line":1,"column":4238}},{"start":{"line":1,"column":4239},"end":{"line":1,"column":4241}}],"line":1},"35":{"loc":{"start":{"line":1,"column":4356},"end":{"line":1,"column":4394}},"type":"cond-expr","locations":[{"start":{"line":1,"column":4380},"end":{"line":1,"column":4382}},{"start":{"line":1,"column":4383},"end":{"line":1,"column":4394}}],"line":1},"36":{"loc":{"start":{"line":1,"column":4461},"end":{"line":1,"column":4522}},"type":"cond-expr","locations":[{"start":{"line":1,"column":4495},"end":{"line":1,"column":4500}},{"start":{"line":1,"column":4501},"end":{"line":1,"column":4522}}],"line":1},"37":{"loc":{"start":{"line":1,"column":4585},"end":{"line":1,"column":4646}},"type":"cond-expr","locations":[{"start":{"line":1,"column":4619},"end":{"line":1,"column":4624}},{"start":{"line":1,"column":4625},"end":{"line":1,"column":4646}}],"line":1},"38":{"loc":{"start":{"line":1,"column":4826},"end":{"line":1,"column":6101}},"type":"if","locations":[{"start":{"line":1,"column":4826},"end":{"line":1,"column":6101}},{"start":{"line":1,"column":4826},"end":{"line":1,"column":6101}}],"line":1},"39":{"loc":{"start":{"line":1,"column":4890},"end":{"line":1,"column":4918}},"type":"binary-expr","locations":[{"start":{"line":1,"column":4890},"end":{"line":1,"column":4914}},{"start":{"line":1,"column":4916},"end":{"line":1,"column":4918}}],"line":1},"40":{"loc":{"start":{"line":1,"column":4955},"end":{"line":1,"column":4993}},"type":"cond-expr","locations":[{"start":{"line":1,"column":4979},"end":{"line":1,"column":4981}},{"start":{"line":1,"column":4982},"end":{"line":1,"column":4993}}],"line":1},"41":{"loc":{"start":{"line":1,"column":5104},"end":{"line":1,"column":5167}},"type":"cond-expr","locations":[{"start":{"line":1,"column":5109},"end":{"line":1,"column":5120}},{"start":{"line":1,"column":5121},"end":{"line":1,"column":5167}}],"line":1},"42":{"loc":{"start":{"line":1,"column":5133},"end":{"line":1,"column":5166}},"type":"cond-expr","locations":[{"start":{"line":1,"column":5145},"end":{"line":1,"column":5163}},{"start":{"line":1,"column":5164},"end":{"line":1,"column":5166}}],"line":1},"43":{"loc":{"start":{"line":1,"column":5201},"end":{"line":1,"column":5244}},"type":"if","locations":[{"start":{"line":1,"column":5201},"end":{"line":1,"column":5244}},{"start":{"line":1,"column":5201},"end":{"line":1,"column":5244}}],"line":1},"44":{"loc":{"start":{"line":1,"column":5250},"end":{"line":1,"column":6100}},"type":"if","locations":[{"start":{"line":1,"column":5250},"end":{"line":1,"column":6100}},{"start":{"line":1,"column":5250},"end":{"line":1,"column":6100}}],"line":1},"45":{"loc":{"start":{"line":1,"column":5316},"end":{"line":1,"column":5346}},"type":"binary-expr","locations":[{"start":{"line":1,"column":5316},"end":{"line":1,"column":5342}},{"start":{"line":1,"column":5344},"end":{"line":1,"column":5346}}],"line":1},"46":{"loc":{"start":{"line":1,"column":5385},"end":{"line":1,"column":5423}},"type":"cond-expr","locations":[{"start":{"line":1,"column":5409},"end":{"line":1,"column":5411}},{"start":{"line":1,"column":5412},"end":{"line":1,"column":5423}}],"line":1},"47":{"loc":{"start":{"line":1,"column":5540},"end":{"line":1,"column":5607}},"type":"cond-expr","locations":[{"start":{"line":1,"column":5545},"end":{"line":1,"column":5556}},{"start":{"line":1,"column":5557},"end":{"line":1,"column":5607}}],"line":1},"48":{"loc":{"start":{"line":1,"column":5569},"end":{"line":1,"column":5606}},"type":"cond-expr","locations":[{"start":{"line":1,"column":5583},"end":{"line":1,"column":5603}},{"start":{"line":1,"column":5604},"end":{"line":1,"column":5606}}],"line":1},"49":{"loc":{"start":{"line":1,"column":5643},"end":{"line":1,"column":5690}},"type":"if","locations":[{"start":{"line":1,"column":5643},"end":{"line":1,"column":5690}},{"start":{"line":1,"column":5643},"end":{"line":1,"column":5690}}],"line":1},"50":{"loc":{"start":{"line":1,"column":5808},"end":{"line":1,"column":5866}},"type":"cond-expr","locations":[{"start":{"line":1,"column":5842},"end":{"line":1,"column":5844}},{"start":{"line":1,"column":5845},"end":{"line":1,"column":5866}}],"line":1},"51":{"loc":{"start":{"line":1,"column":5945},"end":{"line":1,"column":6005}},"type":"cond-expr","locations":[{"start":{"line":1,"column":5980},"end":{"line":1,"column":5982}},{"start":{"line":1,"column":5983},"end":{"line":1,"column":6005}}],"line":1},"52":{"loc":{"start":{"line":1,"column":6052},"end":{"line":1,"column":6099}},"type":"if","locations":[{"start":{"line":1,"column":6052},"end":{"line":1,"column":6099}},{"start":{"line":1,"column":6052},"end":{"line":1,"column":6099}}],"line":1},"53":{"loc":{"start":{"line":1,"column":6178},"end":{"line":1,"column":6216}},"type":"cond-expr","locations":[{"start":{"line":1,"column":6202},"end":{"line":1,"column":6204}},{"start":{"line":1,"column":6205},"end":{"line":1,"column":6216}}],"line":1},"54":{"loc":{"start":{"line":1,"column":6283},"end":{"line":1,"column":634
[...]
":{"line":1,"column":7669}},{"start":{"line":1,"column":7670},"end":{"line":1,"column":7786}}],"line":1},"86":{"loc":{"start":{"line":1,"column":7670},"end":{"line":1,"column":7786}},"type":"cond-expr","locations":[{"start":{"line":1,"column":7733},"end":{"line":1,"column":7734}},{"start":{"line":1,"column":7735},"end":{"line":1,"column":7786}}],"line":1},"87":{"loc":{"start":{"line":1,"column":7765},"end":{"line":1,"column":7784}},"type":"cond-expr","locations":[{"start":{"line":1,"column":7770},"end":{"line":1,"column":7781}},{"start":{"line":1,"column":7782},"end":{"line":1,"column":7784}}],"line":1},"88":{"loc":{"start":{"line":1,"column":7834},"end":{"line":1,"column":7894}},"type":"cond-expr","locations":[{"start":{"line":1,"column":7879},"end":{"line":1,"column":7891}},{"start":{"line":1,"column":7892},"end":{"line":1,"column":7894}}],"line":1},"89":{"loc":{"start":{"line":1,"column":7834},"end":{"line":1,"column":7878}},"type":"binary-expr","locations":[{"start":{"line":1,"column":7834},"end":{"line":1,"column":7852}},{"start":{"line":1,"column":7854},"end":{"line":1,"column":7878}}],"line":1},"90":{"loc":{"start":{"line":1,"column":7906},"end":{"line":1,"column":7966}},"type":"cond-expr","locations":[{"start":{"line":1,"column":7951},"end":{"line":1,"column":7963}},{"start":{"line":1,"column":7964},"end":{"line":1,"column":7966}}],"line":1},"91":{"loc":{"start":{"line":1,"column":7906},"end":{"line":1,"column":7950}},"type":"binary-expr","locations":[{"start":{"line":1,"column":7906},"end":{"line":1,"column":7924}},{"start":{"line":1,"column":7926},"end":{"line":1,"column":7950}}],"line":1},"92":{"loc":{"start":{"line":1,"column":8008},"end":{"line":1,"column":8091}},"type":"cond-expr","locations":[{"start":{"line":1,"column":8038},"end":{"line":1,"column":8039}},{"start":{"line":1,"column":8040},"end":{"line":1,"column":8091}}],"line":1},"93":{"loc":{"start":{"line":1,"column":8070},"end":{"line":1,"column":8089}},"type":"cond-expr","locations":[{"start":{"line":1,"column":8075},"end":{"line":1,"column":8086}},{"start":{"line":1,"column":8087},"end":{"line":1,"column":8089}}],"line":1},"94":{"loc":{"start":{"line":1,"column":8139},"end":{"line":1,"column":8199}},"type":"cond-expr","locations":[{"start":{"line":1,"column":8184},"end":{"line":1,"column":8196}},{"start":{"line":1,"column":8197},"end":{"line":1,"column":8199}}],"line":1},"95":{"loc":{"start":{"line":1,"column":8139},"end":{"line":1,"column":8183}},"type":"binary-expr","locations":[{"start":{"line":1,"column":8139},"end":{"line":1,"column":8157}},{"start":{"line":1,"column":8159},"end":{"line":1,"column":8183}}],"line":1},"96":{"loc":{"start":{"line":1,"column":8211},"end":{"line":1,"column":8271}},"type":"cond-expr","locations":[{"start":{"line":1,"column":8256},"end":{"line":1,"column":8268}},{"start":{"line":1,"column":8269},"end":{"line":1,"column":8271}}],"line":1},"97":{"loc":{"start":{"line":1,"column":8211},"end":{"line":1,"column":8255}},"type":"binary-expr","locations":[{"start":{"line":1,"column":8211},"end":{"line":1,"column":8229}},{"start":{"line":1,"column":8231},"end":{"line":1,"column":8255}}],"line":1},"98":{"loc":{"start":{"line":1,"column":8342},"end":{"line":1,"column":8380}},"type":"cond-expr","locations":[{"start":{"line":1,"column":8366},"end":{"line":1,"column":8368}},{"start":{"line":1,"column":8369},"end":{"line":1,"column":8380}}],"line":1},"99":{"loc":{"start":{"line":1,"column":8411},"end":{"line":1,"column":8495}},"type":"cond-expr","locations":[{"start":{"line":1,"column":8442},"end":{"line":1,"column":8443}},{"start":{"line":1,"column":8444},"end":{"line":1,"column":8495}}],"line":1},"100":{"loc":{"start":{"line":1,"column":8474},"end":{"line":1,"column":8493}},"type":"cond-expr","locations":[{"start":{"line":1,"column":8479},"end":{"line":1,"column":8490}},{"start":{"line":1,"column":8491},"end":{"line":1,"column":8493}}],"line":1},"101":{"loc":{"start":{"line":1,"column":8543},"end":{"line":1,"column":8603}},"type":"cond-expr","locations":[{"start":{"line":1,"column":8588},"end":{"line":1,"column":8600}},{"start":{"line":1,"column":8601},"end":{"line":1,"column":8603}}],"line":1},"102":{"loc":{"start":{"line":1,"column":8543},"end":{"line":1,"column":8587}},"type":"binary-expr","locations":[{"start":{"line":1,"column":8543},"end":{"line":1,"column":8561}},{"start":{"line":1,"column":8563},"end":{"line":1,"column":8587}}],"line":1},"103":{"loc":{"start":{"line":1,"column":8615},"end":{"line":1,"column":8675}},"type":"cond-expr","locations":[{"start":{"line":1,"column":8660},"end":{"line":1,"column":8672}},{"start":{"line":1,"column":8673},"end":{"line":1,"column":8675}}],"line":1},"104":{"loc":{"start":{"line":1,"column":8615},"end":{"line":1,"column":8659}},"type":"binary-expr","locations":[{"start":{"line":1,"column":8615},"end":{"line":1,"column":8633}},{"start":{"line":1,"column":8635},"end":{"line":1,"column":8659}}],"line":1},"105":{"loc":{"start":{"line":1,"column":8746},"end":{"line":1,"column":8784}},"type":"cond-expr","locations":[{"start":{"line":1,"column":8770},"end":{"line":1,"column":8772}},{"start":{"line":1,"column":8773},"end":{"line":1,"column":8784}}],"line":1},"106":{"loc":{"start":{"line":1,"column":8815},"end":{"line":1,"column":8899}},"type":"cond-expr","locations":[{"start":{"line":1,"column":8846},"end":{"line":1,"column":8847}},{"start":{"line":1,"column":8848},"end":{"line":1,"column":8899}}],"line":1},"107":{"loc":{"start":{"line":1,"column":8878},"end":{"line":1,"column":8897}},"type":"cond-expr","locations":[{"start":{"line":1,"column":8883},"end":{"line":1,"column":8894}},{"start":{"line":1,"column":8895},"end":{"line":1,"column":8897}}],"line":1},"108":{"loc":{"start":{"line":1,"column":9194},"end":{"line":1,"column":9234}},"type":"binary-expr","locations":[{"start":{"line":1,"column":9194},"end":{"line":1,"column":9213}},{"start":{"line":1,"column":9215},"end":{"line":1,"column":9234}}],"line":1},"109":{"loc":{"start":{"line":1,"column":9583},"end":{"line":1,"column":9621}},"type":"binary-expr","locations":[{"start":{"line":1,"column":9583},"end":{"line":1,"column":9601}},{"start":{"line":1,"column":9603},"end":{"line":1,"column":9621}}],"line":1},"110":{"loc":{"start":{"line":1,"column":9683},"end":{"line":1,"column":9743}},"type":"cond-expr","locations":[{"start":{"line":1,"column":9728},"end":{"line":1,"column":9740}},{"start":{"line":1,"column":9741},"end":{"line":1,"column":9743}}],"line":1},"111":{"loc":{"start":{"line":1,"column":9683},"end":{"line":1,"column":9727}},"type":"binary-expr","locations":[{"start":{"line":1,"column":9683},"end":{"line":1,"column":9701}},{"start":{"line":1,"column":9703},"end":{"line":1,"column":9727}}],"line":1},"112":{"loc":{"start":{"line":1,"column":9797},"end":{"line":1,"column":9835}},"type":"cond-expr","locations":[{"start":{"line":1,"column":9821},"end":{"line":1,"column":9823}},{"start":{"line":1,"column":9824},"end":{"line":1,"column":9835}}],"line":1},"113":{"loc":{"start":{"line":1,"column":9961},"end":{"line":1,"column":10018}},"type":"cond-expr","locations":[{"start":{"line":1,"column":9992},"end":{"line":1,"column":10015}},{"start":{"line":1,"column":10016},"end":{"line":1,"column":10018}}],"line":1},"114":{"loc":{"start":{"line":1,"column":10081},"end":{"line":1,"column":10141}},"type":"cond-expr","locations":[{"start":{"line":1,"column":10126},"end":{"line":1,"column":10138}},{"start":{"line":1,"column":10139},"end":{"line":1,"column":10141}}],"line":1},"115":{"loc":{"start":{"line":1,"column":10081},"end":{"line":1,"column":10125}},"type":"binary-expr","locations":[{"start":{"line":1,"column":10081},"end":{"line":1,"column":10099}},{"start":{"line":1,"column":10101},"end":{"line":1,"column":10125}}],"line":1},"116":{"loc":{"start":{"line":1,"column":10199},"end":{"line":1,"column":10237}},"type":"cond-expr","locations":[{"start":{"line":1,"column":10223},"end":{"line":1,"column":10225}},{"start":{"line":1,"column":10226},"end":{"line":1,"column":10237}}],"line":1},"117":{"loc":{"start":{"line":1,"column":10329},"end":{"line":1,"column":10358}},"type":"binary-expr","locations":[{"start":{"line":1,"column":10329},"end":{"line":1,"column":10347}},{"start":{"line":1,"column":10349},"end":{"line":1,"column":10358}}],"line":1},"118":{"loc":{"start":{"line":1,"column":10482},"end":{"line":1,"column":10542}},"type":"cond-expr","locations":[{"start":{"line":1,"column":10527},"end":{"line":1,"column":10539}},{"start":{"line":1,"column":10540},"end":{"line":1,"column":10542}}],"line":1},"119":{"loc":{"start":{"line":1,"column":10482},"end":{"line":1,"column":10526}},"type":"binary-expr","locations":[{"start":{"line":1,"column":10482},"end":{"line":1,"column":10500}},{"start":{"line":1,"column":10502},"end":{"line":1,"column":10526}}],"line":1},"120":{"loc":{"start":{"line":1,"column":10600},"end":{"line":1,"column":10638}},"type":"cond-expr","locations":[{"start":{"line":1,"column":10624},"end":{"line":1,"column":10626}},{"start":{"line":1,"column":10627},"end":{"line":1,"column":10638}}],"line":1},"121":{"loc":{"start":{"line":1,"column":10771},"end":{"line":1,"column":10800}},"type":"binary-expr","locations":[{"start":{"line":1,"column":10771},"end":{"line":1,"column":10789}},{"start":{"line":1,"column":10791},"end":{"line":1,"column":10800}}],"line":1},"122":{"loc":{"start":{"line":1,"column":10861},"end":{"line":1,"column":10892}},"type":"cond-expr","locations":[{"start":{"line":1,"column":10870},"end":{"line":1,"column":10889}},{"start":{"line":1,"column":10890},"end":{"line":1,"column":10892}}],"line":1},"123":{"loc":{"start":{"line":1,"column":11131},"end":{"line":1,"column":11164}},"type":"binary-expr","locations":[{"start":{"line":1,"column":11131},"end":{"line":1,"column":11153}},{"start":{"line":1,"column":11155},"end":{"line":1,"column":11164}}],"line":1},"124":{"loc":{"start":{"line":1,"column":11404},"end":{"line":1,"column":11437}},"type":"binary-expr","locations":[{"start":{"line":1,"column":11404},"end":{"line":1,"column":11426}},{"start":{"line":1,"column":11428},"end":{"line":1,"column":11437}}],"line":1},"125":{"loc":{"start":{"line":1,"column":11634},"end":{"line":1,"column":13120}},"type":"if","locations":[{"start":{"line":1,"column":11634},"end":{"line":1,"column":13120}},{"start":{"line":1,"column":11634},"end":{"line":1,"column":13120}}],"line":1},"126":{"loc":{"start":{"line":1,"column":13194},"end":{"line":1,"column":13254}},"type":"cond-expr","locations":[{"start":{"line":1,"column":13239},"end":{"line":1,"column":13251}},{"start":{"line":1,"column":13252},"end":{"line":1,"column":13254}}],"line":1},"127":{"loc":{"start":{"line":1,"column":13194},"end":{"line":1,"column":13238}},"type":"binary-expr","locations":[{"start":{"line":1,"column":13194},"end":{"line":1,"column":13212}},{"start":{"line":1,"column":13214},"end":{"line":1,"column":13238}}],"line":1},"128":{"loc":{"start":{"line":1,"column":13325},"end":{"line":1,"column":16985}},"type":"if","locations":[{"start":{"line":1,"column":13325},"end":{"line":1,"column":16985}},{"start":{"line":1,"column":13325},"end":{"line":1,"column":16985}}],"line":1},"129":{"loc":{"start":{"line":1,"column":13493},"end":{"line":1,"column":13551}},"type":"cond-expr","locations":[{"start":{"line":1,"column":13527},"end":{"line":1,"column":13529}},{"start":{"line":1,"column":13530},"end":{"line":1,"column":13551}}],"line":1},"130":{"loc":{"start":{"line":1,"column":13630},"end":{"line":1,"column":13690}},"type":"cond-expr","locations":[{"start":{"line":1,"column":13665},"end":{"line":1,"column":13667}},{"start":{"line":1,"column":13668},"end":{"line":1,"column":13690}}],"line":1},"131":{"loc":{"start":{"line":1,"column":13751},"end":{"line":1,"column":13820}},"type":"cond-expr","locations":[{"start":{"line":1,"column":13786},"end":{"line":1,"column":13797}},{"start":{"line":1,"column":13798},"end":{"line":1,"column":13820}}],"line":1},"132":{"loc":{"start":{"line":1,"column":13821},"end":{"line":1,"column":15494}},"type":"if","locations":[{"start":{"line":1,"column":13821},"end":{"line":1,"column":15494}},{"start":{"line":1,"column":13821},"end":{"line":1,"column":15494}}],"line":1},"133":{"loc":{"start":{"line":1,"column":14159},"end":{"line":1,"column":14441}},"type":"if","locations":[{"start":{"line":1,"column":14159},"end":{"line":1,"column":14441}},{"start":{"line":1,"column":14159},"end":{"line":1,"column":14441}}],"line":1},"134":{"loc":{"start":{"line":1,"column":14911},"end":{"line":1,"column":15493}},"type":"if","locations":[{"start":{"line":1,"column":14911},"end":{"line":1,"column":15493}},{"start":{"line":1,"column":14911},"end":{"line":1,"column":15493}}],"line":1},"135":{"loc":{"start":{"line":1,"column":15007},"end":{"line":1,"column":15289}},"type":"if","locations":[{"start":{"line":1,"column":15007},"end":{"line":1,"column":15289}},{"start":{"line":1,"column":15007},"end":{"line":1,"column":15289}}],"line":1},"136":{"loc":{"start":{"line":1,"column":15500},"end":{"line":1,"column":16984}},"type":"if","locations":[{"start":{"line":1,"column":15500},"end":{"line":1,"column":16984}},{"start":{"line":1,"column":15500},"end":{"line":1,"column":16984}}],"line":1},"137":{"loc":{"start":{"line":1,"column":15549},"end":{"line":1,"column":15861}},"type":"if","locations":[{"start":{"line":1,"column":15549},"end":{"line":1,"column":15861}},{"start":{"line":1,"column":15549},"end":{"line":1,"column":15861}}],"line":1},"138":{"loc":{"start":{"line":1,"column":16152},"end":{"line":1,"column":16983}},"type":"if","locations":[{"start":{"line":1,"column":16152},"end":{"line":1,"column":16983}},{"start":{"line":1,"column":16152},"end":{"line":1,"column":16983}}],"line":1},"139":{"loc":{"start":{"line":1,"column":16262},"end":{"line":1,"column":16934}},"type":"if","locations":[{"start":{"line":1,"column":16262},"end":{"line":1,"column":16934}},{"start":{"line":1,"column":16262},"end":{"line":1,"column":16934}}],"line":1},"140":{"loc":{"start":{"line":1,"column":16390},"end":{"line":1,"column":16930}},"type":"if","locations":[{"start":{"line":1,"column":16390},"end":{"line":1,"column":16930}},{"start":{"line":1,"column":16390},"end":{"line":1,"column":16930}}],"line":1},"141":{"loc":{"start":{"line":1,"column":16413},"end":{"line":1,"column":16707}},"type":"if","locations":[{"start":{"line":1,"column":16413},"end":{"line":1,"column":16707}},{"start":{"line":1,"column":16413},"end":{"line":1,"column":16707}}],"line":1}},"s":{"0":1,"1":1,"2":0,"3":0,"4":0,"5":0,"6":0,"7":0,"8":1,"9":171,"10":171,"11":171,"12":171,"13":0,"14":596,"15":596,"16":1514,"17":407,"18":1107,"19":0,"20":1107,"21":596,"22":1,"23":27,"24":27,"25":27,"26":27,"27":27,"28":27,"29":1,"30":306,"31":306,"32":306,"33":306,"34":1,"35":270,"36":270,"37":270,"38":270,"39":1,"40":36,"41":36,"42":36,"43":1,"44":171,"45":171,"46":171,"47":171,"48":1,"49":0,"50":0,"51":0,"52":0,"53":0,"54":0,"55":1,"56":0,"57":0,"58":0,"59":1,"60":0,"61":0,"62":0,"63":0,"64":0,"65":1,"66":171,"67":171,"68":171,"69":171,"70":171,"71":171,"72":1,"73":0,"74":0,"75":0,"76":0,"77":0,"78":0,"79":1,"80":90,"81":1,"82":90,"83":1,"84":90,"85":90,"86":90,"87":90,"88":1,"89":90,"90":90,"91":90,"92":90,"93":1,"94":90,"95":90,"96":90,"97":90,"98":1,"99":90,"100":90,"101":90,"102":90,"103":1,"104":90,"105":90,"106":1,"107":126,"108":1,"109":63,"110":1,"111":63,"112":63,"113":63,"114":63,"115":63,"116":63,"117":63,"118":1,"119":63,"120":63,"121":63,"122":63,"123":63,"124":63,"125":63,"126":1,"127":63,"128":63,"129":63,"130":63,"131":63,"132":63,"133":63,"134":1,"135":171,"136":1,"137":0,"138":1,"139":54,"140":54,"141":54,"142":54,"143":54,"144":54,"145":54,"146":54,"147":54,"148":54,"149":54,"150":1,"151":108,"152":108,"153":108,"154":108,"155":108,"156":108,"157":108,"158":108,"159":108,"160":108,"161":108,"162":1,"163":9,"164":9,"165":9,"166":9,"167":9,"168":9,"169":9,"170":9,"171":9,"172":9,"173":9,"174":1,"175":0,"176":0,"177":0,"178":0,"179":0,"180":1,"181":54,"182":54,"183":54,"184":54,"185":54,"186":54,"187":54,"188":54,"189":1,"190":0,"191":0,"192":0,"193":0,"194":0,"195":0,"196":0,"197":0,"198":1,"199":108,"200":108,"201":1,"202":108,"203":108,"204":1,"205":108,"206":108,"207":1,"208":57,"209":54,"210":54,"211":57,"212":0,"213":0,"214":57,"215":9,"216":9,"217":57,"218":54,"219":54,"220":54,"221":54,"222":54,"223":54,"224":54,"225":57,"226":54,"227":54,"228":54,"229":54,"230":54,"231":54,"232":54,"233":54,"234":57,"235":9,"236":9,"237":9,"238":9,"239":9,"240":9,"241":9,"242":9,"243":9,"244":57,"245":54,"246":54,"247":54,"248":54,"249":54,"250":54,"251":57,"252":54,"253":54,"254":54,"255":54,"256":54,"257":57,"258":57,"259":57,"260":57,"261":57,"262":57,"263":54,"264":54,"265":54,"266":54,"267":54,"268":54,"269":54,"270":54,"271":54,"272":54,"273":54,"274":54,"275":54,"276":54,"277":54,"278":54,"279":54,"280":54,"281":54,"282":54,"283":54,"284":54,"285":57,"286":56,"287":56,"288":119,"289":119,"290":119,"291":119,"292":36,"293":36,"294":36,"295":36,"296":36,"297":36,"298":36,"299":36,"300":36,"301":9,"302":9,"303":9,"304":9,"305":0,"306":0,"307":0,"308":0,"309":0,"310":0,"311":0,"312":0,"313":0,"314":0,"315":0,"316":0,"317":0,"318":9,"319":9,"320":27,"321":27,"322":27,"323":27,"324":18,"325":9,"326":9,"327":9,"328":9,"329":9,"330":9,"331":9,"332":9,"333":9,"334":9,"335":9,"336":83,"337":9,"338":9,"339":9,"340":9,"341":9,"342":9,"343":9,"344":9,"345":9,"346":9,"347":9,"348":9,"349":9,"350":9,"351":9,"352":74,"353":9,"354":9,"355":9,"356":9,"357":9,"358":9,"359":9,"360":9,"361":9,"362":9,"363":9,"364":9,"365":9,"366":9,"367":9,"368":9,"369":9,"370":9,"371":9,"372":9,"373":9,"374":9,"375":65},"f":{"0":0,"1":171,"2":596,"3":27,"4":306,"5":270,"6":36,"7":171,"8":171,"9":0,"10":0,"11":0,"12":0,"13":171,"14":0,"15":90,"16":90,"17":90,"18":90,"19":90,"20":90,"21":90,"22":126,"23":63,"24":63,"25":63,"26":63,"27":171,"28":0,"29":54,"30":108,"31":9,"32":0,"33":54,"34":0,"35":108,"36":108,"37":108,"38":57,"39":54,"40":0,"41":9,"42":54,"43":54,"44":9,"45":54,"46":54,"47":56,"48":56,"49":119,"50":0,"51":0,"52":9,"53":9,"54":9,"55":9,"56":9,"57":9,"58":9},"b":{"0":[1,0],"1":[0,0],"2":[171,0],"3":[407,1107],"4":[0,1107],"5":[27,0],"6":[27,27],"7":[9,18],"8":[0,27],"9":[306,0],"10":[306,306],"11":[0,306],"12":[270,0],"13":[270,270],"14":[0,270],"15":[270,168],"16":[27,9],"17":[171,0],"18":[171,171],"19":[0,0],"20":[0,0],"21":[0,0],"22":[0,0],"23":[0,0],"24":[0,0],"25":[0,0],"26":[0,0],"27":[171,0],"28":[171,171],"29":[0,171],"30":[9,162],"31":[0,0],"32":[0,0],"33":[0,0],"34":[0,0],"35":[30,60],"36":[30,60],"37":[81,9],"38":[9,81],"39":[72,18],"40":[18,72],"41":[54,36],"42":[36,54],"43":[0,90],"44":[90,0],"45":[90,0],"46":[90,90],"47":[126,126],"48":[63,63],"49":[63,0],"50":[63,63],"51":[0,63],"52":[9,54],"53":[63,0],"54":[63,63],"55":[0,63],"56":[9,54],"57":[63,0],"58":[63,63],"59":[0,63],"60":[9,54],"61":[54,0],"62":[54,54],"63":[54,0],"64":[54,54],"65":[0,54],"66":[0,54],"67":[0,54],"68":[0,54],"69":[54,0],"70":[108,0],"71":[108,108],"72":[108,0],"73":[108,108],"74":[0,108],"75":[0,108],"76":[0,108],"77":[0,108],"78":[108,0],"79":[9,0],"80":[9,9],"81":[9,0],"82":[9,9],"83":[0,9],"84":[9,0],"85":[0,9],"86":[0,9],"87":[9,0],"88":[0,0],"89":[0,0],"90":[0,0],"91":[0,0],"92":[0,0],"93":[0,0],"94":[54,0],"95":[54,54],"96":[54,0],"97":[54,54],"98":[0,54],"99":[0,54],"100":[54,0],"101":[0,0],"102":[0,0],"103":[0,0],"104":[0,0],"105":[0,0],"106":[0,0],"107":[0,0],"108":[108,72],"109":[9,9],"110":[54,0],"111":[54,54],"112":[0,54],"113":[9,45],"114":[54,0],"115":[54,54],"116":[0,54],"117":[54,54],"118":[9,0],"119":[9,9],"120":[0,9],"121":[9,9],"122":[0,9],"123":[54,54],"124":[54,54],"125":[54,3],"126":[119,0],"127":[119,119],"128":[36,83],"129":[18,18],"130":[18,18],"131":[18,18],"132":[9,27],"133":[0,0],"134":[18,9],"135":[9,0],"136":[9,74],"137":[9,0],"138":[9,65],"139":[9,0],"140":[9,0],"141":[9,0]},"_coverageSchema":"332fd63041d2c1bcb487cc26dd0d5f7d97098a6c","hash":"5d99a6f55965557124d840bb23fb110fa75ca649","contentHash":"37635ece8bb4e7c281527e5076f7f2e4_11.2.1"}}